<?xml version="1.0" encoding="utf-8"?>
<CoverageSession xmlns:xsd="http://www.w3.org/2001/XMLSchema" xmlns:xsi="http://www.w3.org/2001/XMLSchema-instance" Version="4.6.0.0">
  <Summary numSequencePoints="1173" visitedSequencePoints="14" numBranchPoints="330" visitedBranchPoints="4" sequenceCoverage="1.19" branchCoverage="1.21" maxCyclomaticComplexity="21" minCyclomaticComplexity="1" maxCrapScore="462" minCrapScore="1" visitedClasses="2" numClasses="34" visitedMethods="2" numMethods="126" />
  <Modules>
    <Module hash="5E-19-1E-7B-68-D4-B0-12-4A-00-7E-F3-CC-B7-37-1C-7F-6B-64-47">
      <Summary numSequencePoints="370" visitedSequencePoints="8" numBranchPoints="56" visitedBranchPoints="1" sequenceCoverage="2.16" branchCoverage="1.79" maxCyclomaticComplexity="1" minCyclomaticComplexity="1" maxCrapScore="2" minCrapScore="1" visitedClasses="1" numClasses="16" visitedMethods="1" numMethods="56" />
      <ModulePath>C:\Users\Dimitar Petrow\source\repos\OOPTeamWork\AlphaTank\AlphaTank.UnitTests\bin\Debug\AlphaTank.UnitTests.dll</ModulePath>
      <ModuleTime>2018-02-10T14:43:42.7876893Z</ModuleTime>
      <ModuleName>AlphaTank.UnitTests</ModuleName>
      <Files>
        <File uid="1" fullPath="C:\Users\Dimitar Petrow\source\repos\OOPTeamWork\AlphaTank\AlphaTank.UnitTests\Models\GameObjects\ShellTests\Constructor_Should.cs" />
        <File uid="2" fullPath="C:\Users\Dimitar Petrow\source\repos\OOPTeamWork\AlphaTank\AlphaTank.UnitTests\Models\GameObjects\ShellTests\Destroy_Should.cs" />
        <File uid="3" fullPath="C:\Users\Dimitar Petrow\source\repos\OOPTeamWork\AlphaTank\AlphaTank.UnitTests\Models\GameObjects\ShellTests\MoveDown_Should.cs" />
        <File uid="4" fullPath="C:\Users\Dimitar Petrow\source\repos\OOPTeamWork\AlphaTank\AlphaTank.UnitTests\Models\GameObjects\ShellTests\MoveLeft_Should.cs" />
        <File uid="5" fullPath="C:\Users\Dimitar Petrow\source\repos\OOPTeamWork\AlphaTank\AlphaTank.UnitTests\Models\GameObjects\ShellTests\MoveRight_Should.cs" />
        <File uid="6" fullPath="C:\Users\Dimitar Petrow\source\repos\OOPTeamWork\AlphaTank\AlphaTank.UnitTests\Models\GameObjects\ShellTests\MoveUp_Should.cs" />
        <File uid="7" fullPath="C:\Users\Dimitar Petrow\source\repos\OOPTeamWork\AlphaTank\AlphaTank.UnitTests\Models\GameObjects\ShellTests\Move_Should.cs" />
        <File uid="8" fullPath="C:\Users\Dimitar Petrow\source\repos\OOPTeamWork\AlphaTank\AlphaTank.UnitTests\Models\GameObjects\PlayerTankTests\MoveDown_Should.cs" />
        <File uid="9" fullPath="C:\Users\Dimitar Petrow\source\repos\OOPTeamWork\AlphaTank\AlphaTank.UnitTests\Models\GameObjects\PlayerTankTests\MoveLeft_Should.cs" />
        <File uid="10" fullPath="C:\Users\Dimitar Petrow\source\repos\OOPTeamWork\AlphaTank\AlphaTank.UnitTests\Models\GameObjects\PlayerTankTests\MoveRight_Should.cs" />
        <File uid="11" fullPath="C:\Users\Dimitar Petrow\source\repos\OOPTeamWork\AlphaTank\AlphaTank.UnitTests\Models\GameObjects\PlayerTankTests\MoveUp_Should.cs" />
        <File uid="12" fullPath="C:\Users\Dimitar Petrow\source\repos\OOPTeamWork\AlphaTank\AlphaTank.UnitTests\Models\GameObjects\PlayerTankTests\Shoot_Should.cs" />
        <File uid="13" fullPath="C:\Users\Dimitar Petrow\source\repos\OOPTeamWork\AlphaTank\AlphaTank.UnitTests\Logic\CollisionTests\DecectCollision_Should.cs" />
        <File uid="15" fullPath="C:\Users\Dimitar Petrow\source\repos\OOPTeamWork\AlphaTank\AlphaTank.UnitTests\Logic\CollisionTests\IsObstacleOrAlly_Should.cs" />
      </Files>
      <Classes>
        <Class>
          <Summary numSequencePoints="0" visitedSequencePoints="0" numBranchPoints="0" visitedBranchPoints="0" sequenceCoverage="0" branchCoverage="0" maxCyclomaticComplexity="1" minCyclomaticComplexity="1" maxCrapScore="2" minCrapScore="2" visitedClasses="0" numClasses="0" visitedMethods="0" numMethods="0" />
          <FullName>AlphaTank.UnitTests.Models.MapTests.Constructor_Should</FullName>
          <Methods>
            <Method visited="false" cyclomaticComplexity="1" nPathComplexity="0" sequenceCoverage="0" branchCoverage="0" crapScore="2" isConstructor="true" isStatic="false" isGetter="false" isSetter="false">
              <Summary numSequencePoints="0" visitedSequencePoints="0" numBranchPoints="0" visitedBranchPoints="0" sequenceCoverage="0" branchCoverage="0" maxCyclomaticComplexity="1" minCyclomaticComplexity="1" maxCrapScore="2" minCrapScore="2" visitedClasses="0" numClasses="0" visitedMethods="0" numMethods="0" />
              <MetadataToken>100663297</MetadataToken>
              <Name>System.Void AlphaTank.UnitTests.Models.MapTests.Constructor_Should::.ctor()</Name>
              <SequencePoints />
              <BranchPoints />
              <MethodPoint vc="0" uspid="1" ordinal="0" offset="0" />
            </Method>
          </Methods>
        </Class>
        <Class>
          <Summary numSequencePoints="42" visitedSequencePoints="0" numBranchPoints="15" visitedBranchPoints="0" sequenceCoverage="0" branchCoverage="0" maxCyclomaticComplexity="1" minCyclomaticComplexity="1" maxCrapScore="2" minCrapScore="2" visitedClasses="0" numClasses="1" visitedMethods="0" numMethods="15" />
          <FullName>AlphaTank.UnitTests.Models.GameObjects.ShellTests.Constructor_Should</FullName>
          <Methods>
            <Method visited="false" cyclomaticComplexity="1" nPathComplexity="0" sequenceCoverage="0" branchCoverage="0" crapScore="2" isConstructor="false" isStatic="false" isGetter="false" isSetter="false">
              <Summary numSequencePoints="7" visitedSequencePoints="0" numBranchPoints="1" visitedBranchPoints="0" sequenceCoverage="0" branchCoverage="0" maxCyclomaticComplexity="1" minCyclomaticComplexity="1" maxCrapScore="2" minCrapScore="2" visitedClasses="0" numClasses="0" visitedMethods="0" numMethods="1" />
              <MetadataToken>100663298</MetadataToken>
              <Name>System.Void AlphaTank.UnitTests.Models.GameObjects.ShellTests.Constructor_Should::Initialize()</Name>
              <FileRef uid="1" />
              <SequencePoints>
                <SequencePoint vc="0" uspid="2" ordinal="0" offset="0" sl="22" sc="9" el="22" ec="10" bec="0" bev="0" fileid="1" />
                <SequencePoint vc="0" uspid="3" ordinal="1" offset="1" sl="23" sc="13" el="23" ec="69" bec="0" bev="0" fileid="1" />
                <SequencePoint vc="0" uspid="4" ordinal="2" offset="12" sl="24" sc="13" el="24" ec="52" bec="0" bev="0" fileid="1" />
                <SequencePoint vc="0" uspid="5" ordinal="3" offset="23" sl="26" sc="13" el="26" ec="40" bec="0" bev="0" fileid="1" />
                <SequencePoint vc="0" uspid="6" ordinal="4" offset="34" sl="28" sc="13" el="28" ec="64" bec="0" bev="0" fileid="1" />
                <SequencePoint vc="0" uspid="7" ordinal="5" offset="140" sl="29" sc="13" el="29" ec="64" bec="0" bev="0" fileid="1" />
                <SequencePoint vc="0" uspid="8" ordinal="6" offset="246" sl="30" sc="9" el="30" ec="10" bec="0" bev="0" fileid="1" />
              </SequencePoints>
              <BranchPoints />
              <MethodPoint xsi:type="SequencePoint" vc="0" uspid="2" ordinal="0" offset="0" sl="22" sc="9" el="22" ec="10" bec="0" bev="0" fileid="1" />
            </Method>
            <Method visited="false" cyclomaticComplexity="1" nPathComplexity="0" sequenceCoverage="0" branchCoverage="0" crapScore="2" isConstructor="false" isStatic="false" isGetter="false" isSetter="false">
              <Summary numSequencePoints="4" visitedSequencePoints="0" numBranchPoints="1" visitedBranchPoints="0" sequenceCoverage="0" branchCoverage="0" maxCyclomaticComplexity="1" minCyclomaticComplexity="1" maxCrapScore="2" minCrapScore="2" visitedClasses="0" numClasses="0" visitedMethods="0" numMethods="1" />
              <MetadataToken>100663299</MetadataToken>
              <Name>System.Void AlphaTank.UnitTests.Models.GameObjects.ShellTests.Constructor_Should::Throw_ArgumentException_When_Row_IsNegative()</Name>
              <FileRef uid="1" />
              <SequencePoints>
                <SequencePoint vc="0" uspid="9" ordinal="0" offset="0" sl="34" sc="9" el="34" ec="10" bec="0" bev="0" fileid="1" />
                <SequencePoint vc="0" uspid="10" ordinal="1" offset="1" sl="36" sc="13" el="36" ec="143" bec="0" bev="0" fileid="1" />
                <SequencePoint vc="0" uspid="11" ordinal="2" offset="14" sl="39" sc="13" el="39" ec="70" bec="0" bev="0" fileid="1" />
                <SequencePoint vc="0" uspid="12" ordinal="3" offset="21" sl="40" sc="9" el="40" ec="10" bec="0" bev="0" fileid="1" />
              </SequencePoints>
              <BranchPoints />
              <MethodPoint xsi:type="SequencePoint" vc="0" uspid="9" ordinal="0" offset="0" sl="34" sc="9" el="34" ec="10" bec="0" bev="0" fileid="1" />
            </Method>
            <Method visited="false" cyclomaticComplexity="1" nPathComplexity="0" sequenceCoverage="0" branchCoverage="0" crapScore="2" isConstructor="false" isStatic="false" isGetter="false" isSetter="false">
              <Summary numSequencePoints="4" visitedSequencePoints="0" numBranchPoints="1" visitedBranchPoints="0" sequenceCoverage="0" branchCoverage="0" maxCyclomaticComplexity="1" minCyclomaticComplexity="1" maxCrapScore="2" minCrapScore="2" visitedClasses="0" numClasses="0" visitedMethods="0" numMethods="1" />
              <MetadataToken>100663300</MetadataToken>
              <Name>System.Void AlphaTank.UnitTests.Models.GameObjects.ShellTests.Constructor_Should::Throw_ArgumentException_When_Row_IsAbove_Ten()</Name>
              <FileRef uid="1" />
              <SequencePoints>
                <SequencePoint vc="0" uspid="13" ordinal="0" offset="0" sl="44" sc="9" el="44" ec="10" bec="0" bev="0" fileid="1" />
                <SequencePoint vc="0" uspid="14" ordinal="1" offset="1" sl="46" sc="13" el="46" ec="143" bec="0" bev="0" fileid="1" />
                <SequencePoint vc="0" uspid="15" ordinal="2" offset="14" sl="49" sc="13" el="49" ec="70" bec="0" bev="0" fileid="1" />
                <SequencePoint vc="0" uspid="16" ordinal="3" offset="21" sl="50" sc="9" el="50" ec="10" bec="0" bev="0" fileid="1" />
              </SequencePoints>
              <BranchPoints />
              <MethodPoint xsi:type="SequencePoint" vc="0" uspid="13" ordinal="0" offset="0" sl="44" sc="9" el="44" ec="10" bec="0" bev="0" fileid="1" />
            </Method>
            <Method visited="false" cyclomaticComplexity="1" nPathComplexity="0" sequenceCoverage="0" branchCoverage="0" crapScore="2" isConstructor="false" isStatic="false" isGetter="false" isSetter="false">
              <Summary numSequencePoints="4" visitedSequencePoints="0" numBranchPoints="1" visitedBranchPoints="0" sequenceCoverage="0" branchCoverage="0" maxCyclomaticComplexity="1" minCyclomaticComplexity="1" maxCrapScore="2" minCrapScore="2" visitedClasses="0" numClasses="0" visitedMethods="0" numMethods="1" />
              <MetadataToken>100663301</MetadataToken>
              <Name>System.Void AlphaTank.UnitTests.Models.GameObjects.ShellTests.Constructor_Should::Throw_ArgumentException_When_Col_IsNegative()</Name>
              <FileRef uid="1" />
              <SequencePoints>
                <SequencePoint vc="0" uspid="17" ordinal="0" offset="0" sl="54" sc="9" el="54" ec="10" bec="0" bev="0" fileid="1" />
                <SequencePoint vc="0" uspid="18" ordinal="1" offset="1" sl="56" sc="13" el="56" ec="143" bec="0" bev="0" fileid="1" />
                <SequencePoint vc="0" uspid="19" ordinal="2" offset="14" sl="59" sc="13" el="59" ec="70" bec="0" bev="0" fileid="1" />
                <SequencePoint vc="0" uspid="20" ordinal="3" offset="21" sl="60" sc="9" el="60" ec="10" bec="0" bev="0" fileid="1" />
              </SequencePoints>
              <BranchPoints />
              <MethodPoint xsi:type="SequencePoint" vc="0" uspid="17" ordinal="0" offset="0" sl="54" sc="9" el="54" ec="10" bec="0" bev="0" fileid="1" />
            </Method>
            <Method visited="false" cyclomaticComplexity="1" nPathComplexity="0" sequenceCoverage="0" branchCoverage="0" crapScore="2" isConstructor="false" isStatic="false" isGetter="false" isSetter="false">
              <Summary numSequencePoints="4" visitedSequencePoints="0" numBranchPoints="1" visitedBranchPoints="0" sequenceCoverage="0" branchCoverage="0" maxCyclomaticComplexity="1" minCyclomaticComplexity="1" maxCrapScore="2" minCrapScore="2" visitedClasses="0" numClasses="0" visitedMethods="0" numMethods="1" />
              <MetadataToken>100663302</MetadataToken>
              <Name>System.Void AlphaTank.UnitTests.Models.GameObjects.ShellTests.Constructor_Should::Throw_ArgumentException_When_Col_IsAbove_Ten()</Name>
              <FileRef uid="1" />
              <SequencePoints>
                <SequencePoint vc="0" uspid="21" ordinal="0" offset="0" sl="64" sc="9" el="64" ec="10" bec="0" bev="0" fileid="1" />
                <SequencePoint vc="0" uspid="22" ordinal="1" offset="1" sl="66" sc="13" el="66" ec="143" bec="0" bev="0" fileid="1" />
                <SequencePoint vc="0" uspid="23" ordinal="2" offset="14" sl="69" sc="13" el="69" ec="70" bec="0" bev="0" fileid="1" />
                <SequencePoint vc="0" uspid="24" ordinal="3" offset="21" sl="70" sc="9" el="70" ec="10" bec="0" bev="0" fileid="1" />
              </SequencePoints>
              <BranchPoints />
              <MethodPoint xsi:type="SequencePoint" vc="0" uspid="21" ordinal="0" offset="0" sl="64" sc="9" el="64" ec="10" bec="0" bev="0" fileid="1" />
            </Method>
            <Method visited="false" cyclomaticComplexity="1" nPathComplexity="0" sequenceCoverage="0" branchCoverage="0" crapScore="2" isConstructor="false" isStatic="false" isGetter="false" isSetter="false">
              <Summary numSequencePoints="4" visitedSequencePoints="0" numBranchPoints="1" visitedBranchPoints="0" sequenceCoverage="0" branchCoverage="0" maxCyclomaticComplexity="1" minCyclomaticComplexity="1" maxCrapScore="2" minCrapScore="2" visitedClasses="0" numClasses="0" visitedMethods="0" numMethods="1" />
              <MetadataToken>100663303</MetadataToken>
              <Name>System.Void AlphaTank.UnitTests.Models.GameObjects.ShellTests.Constructor_Should::Throw_NoMapException_IfMap_IsNull()</Name>
              <FileRef uid="1" />
              <SequencePoints>
                <SequencePoint vc="0" uspid="25" ordinal="0" offset="0" sl="74" sc="9" el="74" ec="10" bec="0" bev="0" fileid="1" />
                <SequencePoint vc="0" uspid="26" ordinal="1" offset="1" sl="76" sc="13" el="76" ec="130" bec="0" bev="0" fileid="1" />
                <SequencePoint vc="0" uspid="27" ordinal="2" offset="14" sl="79" sc="13" el="79" ec="67" bec="0" bev="0" fileid="1" />
                <SequencePoint vc="0" uspid="28" ordinal="3" offset="21" sl="80" sc="9" el="80" ec="10" bec="0" bev="0" fileid="1" />
              </SequencePoints>
              <BranchPoints />
              <MethodPoint xsi:type="SequencePoint" vc="0" uspid="25" ordinal="0" offset="0" sl="74" sc="9" el="74" ec="10" bec="0" bev="0" fileid="1" />
            </Method>
            <Method visited="false" cyclomaticComplexity="1" nPathComplexity="0" sequenceCoverage="0" branchCoverage="0" crapScore="2" isConstructor="false" isStatic="false" isGetter="false" isSetter="false">
              <Summary numSequencePoints="4" visitedSequencePoints="0" numBranchPoints="1" visitedBranchPoints="0" sequenceCoverage="0" branchCoverage="0" maxCyclomaticComplexity="1" minCyclomaticComplexity="1" maxCrapScore="2" minCrapScore="2" visitedClasses="0" numClasses="0" visitedMethods="0" numMethods="1" />
              <MetadataToken>100663304</MetadataToken>
              <Name>System.Void AlphaTank.UnitTests.Models.GameObjects.ShellTests.Constructor_Should::Throw_ArgumentNullException_IfEnviromentFactory_IsNull()</Name>
              <FileRef uid="1" />
              <SequencePoints>
                <SequencePoint vc="0" uspid="29" ordinal="0" offset="0" sl="84" sc="9" el="84" ec="10" bec="0" bev="0" fileid="1" />
                <SequencePoint vc="0" uspid="30" ordinal="1" offset="1" sl="86" sc="13" el="86" ec="116" bec="0" bev="0" fileid="1" />
                <SequencePoint vc="0" uspid="31" ordinal="2" offset="14" sl="89" sc="13" el="89" ec="74" bec="0" bev="0" fileid="1" />
                <SequencePoint vc="0" uspid="32" ordinal="3" offset="21" sl="90" sc="9" el="90" ec="10" bec="0" bev="0" fileid="1" />
              </SequencePoints>
              <BranchPoints />
              <MethodPoint xsi:type="SequencePoint" vc="0" uspid="29" ordinal="0" offset="0" sl="84" sc="9" el="84" ec="10" bec="0" bev="0" fileid="1" />
            </Method>
            <Method visited="false" cyclomaticComplexity="1" nPathComplexity="0" sequenceCoverage="0" branchCoverage="0" crapScore="2" isConstructor="false" isStatic="false" isGetter="false" isSetter="false">
              <Summary numSequencePoints="4" visitedSequencePoints="0" numBranchPoints="1" visitedBranchPoints="0" sequenceCoverage="0" branchCoverage="0" maxCyclomaticComplexity="1" minCyclomaticComplexity="1" maxCrapScore="2" minCrapScore="2" visitedClasses="0" numClasses="0" visitedMethods="0" numMethods="1" />
              <MetadataToken>100663305</MetadataToken>
              <Name>System.Void AlphaTank.UnitTests.Models.GameObjects.ShellTests.Constructor_Should::Throw_ArgumentNullException_IfCollision_IsNull()</Name>
              <FileRef uid="1" />
              <SequencePoints>
                <SequencePoint vc="0" uspid="33" ordinal="0" offset="0" sl="94" sc="9" el="94" ec="10" bec="0" bev="0" fileid="1" />
                <SequencePoint vc="0" uspid="34" ordinal="1" offset="1" sl="96" sc="13" el="96" ec="124" bec="0" bev="0" fileid="1" />
                <SequencePoint vc="0" uspid="35" ordinal="2" offset="14" sl="99" sc="13" el="99" ec="74" bec="0" bev="0" fileid="1" />
                <SequencePoint vc="0" uspid="36" ordinal="3" offset="21" sl="100" sc="9" el="100" ec="10" bec="0" bev="0" fileid="1" />
              </SequencePoints>
              <BranchPoints />
              <MethodPoint xsi:type="SequencePoint" vc="0" uspid="33" ordinal="0" offset="0" sl="94" sc="9" el="94" ec="10" bec="0" bev="0" fileid="1" />
            </Method>
            <Method visited="false" cyclomaticComplexity="1" nPathComplexity="0" sequenceCoverage="0" branchCoverage="0" crapScore="2" isConstructor="true" isStatic="false" isGetter="false" isSetter="false">
              <Summary numSequencePoints="0" visitedSequencePoints="0" numBranchPoints="0" visitedBranchPoints="0" sequenceCoverage="0" branchCoverage="0" maxCyclomaticComplexity="1" minCyclomaticComplexity="1" maxCrapScore="2" minCrapScore="2" visitedClasses="0" numClasses="0" visitedMethods="0" numMethods="0" />
              <MetadataToken>100663306</MetadataToken>
              <Name>System.Void AlphaTank.UnitTests.Models.GameObjects.ShellTests.Constructor_Should::.ctor()</Name>
              <SequencePoints />
              <BranchPoints />
              <MethodPoint vc="0" uspid="37" ordinal="0" offset="0" />
            </Method>
            <Method visited="false" cyclomaticComplexity="1" nPathComplexity="0" sequenceCoverage="0" branchCoverage="0" crapScore="2" isConstructor="false" isStatic="false" isGetter="false" isSetter="false">
              <Summary numSequencePoints="1" visitedSequencePoints="0" numBranchPoints="1" visitedBranchPoints="0" sequenceCoverage="0" branchCoverage="0" maxCyclomaticComplexity="1" minCyclomaticComplexity="1" maxCrapScore="2" minCrapScore="2" visitedClasses="0" numClasses="0" visitedMethods="0" numMethods="1" />
              <MetadataToken>100663307</MetadataToken>
              <Name>System.Void AlphaTank.UnitTests.Models.GameObjects.ShellTests.Constructor_Should::&lt;Throw_ArgumentException_When_Row_IsNegative&gt;b__4_0()</Name>
              <FileRef uid="1" />
              <SequencePoints>
                <SequencePoint vc="0" uspid="38" ordinal="0" offset="0" sl="36" sc="42" el="36" ec="142" bec="0" bev="0" fileid="1" />
              </SequencePoints>
              <BranchPoints />
              <MethodPoint xsi:type="SequencePoint" vc="0" uspid="38" ordinal="0" offset="0" sl="36" sc="42" el="36" ec="142" bec="0" bev="0" fileid="1" />
            </Method>
            <Method visited="false" cyclomaticComplexity="1" nPathComplexity="0" sequenceCoverage="0" branchCoverage="0" crapScore="2" isConstructor="false" isStatic="false" isGetter="false" isSetter="false">
              <Summary numSequencePoints="1" visitedSequencePoints="0" numBranchPoints="1" visitedBranchPoints="0" sequenceCoverage="0" branchCoverage="0" maxCyclomaticComplexity="1" minCyclomaticComplexity="1" maxCrapScore="2" minCrapScore="2" visitedClasses="0" numClasses="0" visitedMethods="0" numMethods="1" />
              <MetadataToken>100663308</MetadataToken>
              <Name>System.Void AlphaTank.UnitTests.Models.GameObjects.ShellTests.Constructor_Should::&lt;Throw_ArgumentException_When_Row_IsAbove_Ten&gt;b__5_0()</Name>
              <FileRef uid="1" />
              <SequencePoints>
                <SequencePoint vc="0" uspid="39" ordinal="0" offset="0" sl="46" sc="42" el="46" ec="142" bec="0" bev="0" fileid="1" />
              </SequencePoints>
              <BranchPoints />
              <MethodPoint xsi:type="SequencePoint" vc="0" uspid="39" ordinal="0" offset="0" sl="46" sc="42" el="46" ec="142" bec="0" bev="0" fileid="1" />
            </Method>
            <Method visited="false" cyclomaticComplexity="1" nPathComplexity="0" sequenceCoverage="0" branchCoverage="0" crapScore="2" isConstructor="false" isStatic="false" isGetter="false" isSetter="false">
              <Summary numSequencePoints="1" visitedSequencePoints="0" numBranchPoints="1" visitedBranchPoints="0" sequenceCoverage="0" branchCoverage="0" maxCyclomaticComplexity="1" minCyclomaticComplexity="1" maxCrapScore="2" minCrapScore="2" visitedClasses="0" numClasses="0" visitedMethods="0" numMethods="1" />
              <MetadataToken>100663309</MetadataToken>
              <Name>System.Void AlphaTank.UnitTests.Models.GameObjects.ShellTests.Constructor_Should::&lt;Throw_ArgumentException_When_Col_IsNegative&gt;b__6_0()</Name>
              <FileRef uid="1" />
              <SequencePoints>
                <SequencePoint vc="0" uspid="40" ordinal="0" offset="0" sl="56" sc="42" el="56" ec="142" bec="0" bev="0" fileid="1" />
              </SequencePoints>
              <BranchPoints />
              <MethodPoint xsi:type="SequencePoint" vc="0" uspid="40" ordinal="0" offset="0" sl="56" sc="42" el="56" ec="142" bec="0" bev="0" fileid="1" />
            </Method>
            <Method visited="false" cyclomaticComplexity="1" nPathComplexity="0" sequenceCoverage="0" branchCoverage="0" crapScore="2" isConstructor="false" isStatic="false" isGetter="false" isSetter="false">
              <Summary numSequencePoints="1" visitedSequencePoints="0" numBranchPoints="1" visitedBranchPoints="0" sequenceCoverage="0" branchCoverage="0" maxCyclomaticComplexity="1" minCyclomaticComplexity="1" maxCrapScore="2" minCrapScore="2" visitedClasses="0" numClasses="0" visitedMethods="0" numMethods="1" />
              <MetadataToken>100663310</MetadataToken>
              <Name>System.Void AlphaTank.UnitTests.Models.GameObjects.ShellTests.Constructor_Should::&lt;Throw_ArgumentException_When_Col_IsAbove_Ten&gt;b__7_0()</Name>
              <FileRef uid="1" />
              <SequencePoints>
                <SequencePoint vc="0" uspid="41" ordinal="0" offset="0" sl="66" sc="42" el="66" ec="142" bec="0" bev="0" fileid="1" />
              </SequencePoints>
              <BranchPoints />
              <MethodPoint xsi:type="SequencePoint" vc="0" uspid="41" ordinal="0" offset="0" sl="66" sc="42" el="66" ec="142" bec="0" bev="0" fileid="1" />
            </Method>
            <Method visited="false" cyclomaticComplexity="1" nPathComplexity="0" sequenceCoverage="0" branchCoverage="0" crapScore="2" isConstructor="false" isStatic="false" isGetter="false" isSetter="false">
              <Summary numSequencePoints="1" visitedSequencePoints="0" numBranchPoints="1" visitedBranchPoints="0" sequenceCoverage="0" branchCoverage="0" maxCyclomaticComplexity="1" minCyclomaticComplexity="1" maxCrapScore="2" minCrapScore="2" visitedClasses="0" numClasses="0" visitedMethods="0" numMethods="1" />
              <MetadataToken>100663311</MetadataToken>
              <Name>System.Void AlphaTank.UnitTests.Models.GameObjects.ShellTests.Constructor_Should::&lt;Throw_NoMapException_IfMap_IsNull&gt;b__8_0()</Name>
              <FileRef uid="1" />
              <SequencePoints>
                <SequencePoint vc="0" uspid="42" ordinal="0" offset="0" sl="76" sc="42" el="76" ec="129" bec="0" bev="0" fileid="1" />
              </SequencePoints>
              <BranchPoints />
              <MethodPoint xsi:type="SequencePoint" vc="0" uspid="42" ordinal="0" offset="0" sl="76" sc="42" el="76" ec="129" bec="0" bev="0" fileid="1" />
            </Method>
            <Method visited="false" cyclomaticComplexity="1" nPathComplexity="0" sequenceCoverage="0" branchCoverage="0" crapScore="2" isConstructor="false" isStatic="false" isGetter="false" isSetter="false">
              <Summary numSequencePoints="1" visitedSequencePoints="0" numBranchPoints="1" visitedBranchPoints="0" sequenceCoverage="0" branchCoverage="0" maxCyclomaticComplexity="1" minCyclomaticComplexity="1" maxCrapScore="2" minCrapScore="2" visitedClasses="0" numClasses="0" visitedMethods="0" numMethods="1" />
              <MetadataToken>100663312</MetadataToken>
              <Name>System.Void AlphaTank.UnitTests.Models.GameObjects.ShellTests.Constructor_Should::&lt;Throw_ArgumentNullException_IfEnviromentFactory_IsNull&gt;b__9_0()</Name>
              <FileRef uid="1" />
              <SequencePoints>
                <SequencePoint vc="0" uspid="43" ordinal="0" offset="0" sl="86" sc="42" el="86" ec="115" bec="0" bev="0" fileid="1" />
              </SequencePoints>
              <BranchPoints />
              <MethodPoint xsi:type="SequencePoint" vc="0" uspid="43" ordinal="0" offset="0" sl="86" sc="42" el="86" ec="115" bec="0" bev="0" fileid="1" />
            </Method>
            <Method visited="false" cyclomaticComplexity="1" nPathComplexity="0" sequenceCoverage="0" branchCoverage="0" crapScore="2" isConstructor="false" isStatic="false" isGetter="false" isSetter="false">
              <Summary numSequencePoints="1" visitedSequencePoints="0" numBranchPoints="1" visitedBranchPoints="0" sequenceCoverage="0" branchCoverage="0" maxCyclomaticComplexity="1" minCyclomaticComplexity="1" maxCrapScore="2" minCrapScore="2" visitedClasses="0" numClasses="0" visitedMethods="0" numMethods="1" />
              <MetadataToken>100663313</MetadataToken>
              <Name>System.Void AlphaTank.UnitTests.Models.GameObjects.ShellTests.Constructor_Should::&lt;Throw_ArgumentNullException_IfCollision_IsNull&gt;b__10_0()</Name>
              <FileRef uid="1" />
              <SequencePoints>
                <SequencePoint vc="0" uspid="44" ordinal="0" offset="0" sl="96" sc="42" el="96" ec="123" bec="0" bev="0" fileid="1" />
              </SequencePoints>
              <BranchPoints />
              <MethodPoint xsi:type="SequencePoint" vc="0" uspid="44" ordinal="0" offset="0" sl="96" sc="42" el="96" ec="123" bec="0" bev="0" fileid="1" />
            </Method>
          </Methods>
        </Class>
        <Class>
          <Summary numSequencePoints="12" visitedSequencePoints="0" numBranchPoints="2" visitedBranchPoints="0" sequenceCoverage="0" branchCoverage="0" maxCyclomaticComplexity="1" minCyclomaticComplexity="1" maxCrapScore="2" minCrapScore="2" visitedClasses="0" numClasses="1" visitedMethods="0" numMethods="2" />
          <FullName>AlphaTank.UnitTests.Models.GameObjects.ShellTests.Destroy_Should</FullName>
          <Methods>
            <Method visited="false" cyclomaticComplexity="1" nPathComplexity="0" sequenceCoverage="0" branchCoverage="0" crapScore="2" isConstructor="false" isStatic="false" isGetter="false" isSetter="false">
              <Summary numSequencePoints="5" visitedSequencePoints="0" numBranchPoints="1" visitedBranchPoints="0" sequenceCoverage="0" branchCoverage="0" maxCyclomaticComplexity="1" minCyclomaticComplexity="1" maxCrapScore="2" minCrapScore="2" visitedClasses="0" numClasses="0" visitedMethods="0" numMethods="1" />
              <MetadataToken>100663314</MetadataToken>
              <Name>System.Void AlphaTank.UnitTests.Models.GameObjects.ShellTests.Destroy_Should::Initialize()</Name>
              <FileRef uid="2" />
              <SequencePoints>
                <SequencePoint vc="0" uspid="45" ordinal="0" offset="0" sl="18" sc="9" el="18" ec="10" bec="0" bev="0" fileid="2" />
                <SequencePoint vc="0" uspid="46" ordinal="1" offset="1" sl="19" sc="13" el="19" ec="40" bec="0" bev="0" fileid="2" />
                <SequencePoint vc="0" uspid="47" ordinal="2" offset="12" sl="21" sc="13" el="21" ec="64" bec="0" bev="0" fileid="2" />
                <SequencePoint vc="0" uspid="48" ordinal="3" offset="118" sl="22" sc="13" el="22" ec="64" bec="0" bev="0" fileid="2" />
                <SequencePoint vc="0" uspid="49" ordinal="4" offset="224" sl="23" sc="9" el="23" ec="10" bec="0" bev="0" fileid="2" />
              </SequencePoints>
              <BranchPoints />
              <MethodPoint xsi:type="SequencePoint" vc="0" uspid="45" ordinal="0" offset="0" sl="18" sc="9" el="18" ec="10" bec="0" bev="0" fileid="2" />
            </Method>
            <Method visited="false" cyclomaticComplexity="1" nPathComplexity="0" sequenceCoverage="0" branchCoverage="0" crapScore="2" isConstructor="false" isStatic="false" isGetter="false" isSetter="false">
              <Summary numSequencePoints="7" visitedSequencePoints="0" numBranchPoints="1" visitedBranchPoints="0" sequenceCoverage="0" branchCoverage="0" maxCyclomaticComplexity="1" minCyclomaticComplexity="1" maxCrapScore="2" minCrapScore="2" visitedClasses="0" numClasses="0" visitedMethods="0" numMethods="1" />
              <MetadataToken>100663315</MetadataToken>
              <Name>System.Void AlphaTank.UnitTests.Models.GameObjects.ShellTests.Destroy_Should::Set_Map_NullValue()</Name>
              <FileRef uid="2" />
              <SequencePoints>
                <SequencePoint vc="0" uspid="50" ordinal="0" offset="0" sl="27" sc="9" el="27" ec="10" bec="0" bev="0" fileid="2" />
                <SequencePoint vc="0" uspid="51" ordinal="1" offset="1" sl="29" sc="13" el="29" ec="73" bec="0" bev="0" fileid="2" />
                <SequencePoint vc="0" uspid="52" ordinal="2" offset="7" sl="30" sc="13" el="30" ec="56" bec="0" bev="0" fileid="2" />
                <SequencePoint vc="0" uspid="53" ordinal="3" offset="13" sl="32" sc="13" el="32" ec="125" bec="0" bev="0" fileid="2" />
                <SequencePoint vc="0" uspid="54" ordinal="4" offset="45" sl="35" sc="13" el="35" ec="29" bec="0" bev="0" fileid="2" />
                <SequencePoint vc="0" uspid="55" ordinal="5" offset="52" sl="38" sc="13" el="38" ec="38" bec="0" bev="0" fileid="2" />
                <SequencePoint vc="0" uspid="56" ordinal="6" offset="64" sl="39" sc="9" el="39" ec="10" bec="0" bev="0" fileid="2" />
              </SequencePoints>
              <BranchPoints />
              <MethodPoint xsi:type="SequencePoint" vc="0" uspid="50" ordinal="0" offset="0" sl="27" sc="9" el="27" ec="10" bec="0" bev="0" fileid="2" />
            </Method>
            <Method visited="false" cyclomaticComplexity="1" nPathComplexity="0" sequenceCoverage="0" branchCoverage="0" crapScore="2" isConstructor="true" isStatic="false" isGetter="false" isSetter="false">
              <Summary numSequencePoints="0" visitedSequencePoints="0" numBranchPoints="0" visitedBranchPoints="0" sequenceCoverage="0" branchCoverage="0" maxCyclomaticComplexity="1" minCyclomaticComplexity="1" maxCrapScore="2" minCrapScore="2" visitedClasses="0" numClasses="0" visitedMethods="0" numMethods="0" />
              <MetadataToken>100663316</MetadataToken>
              <Name>System.Void AlphaTank.UnitTests.Models.GameObjects.ShellTests.Destroy_Should::.ctor()</Name>
              <SequencePoints />
              <BranchPoints />
              <MethodPoint vc="0" uspid="57" ordinal="0" offset="0" />
            </Method>
          </Methods>
        </Class>
        <Class>
          <Summary numSequencePoints="30" visitedSequencePoints="0" numBranchPoints="3" visitedBranchPoints="0" sequenceCoverage="0" branchCoverage="0" maxCyclomaticComplexity="1" minCyclomaticComplexity="1" maxCrapScore="2" minCrapScore="2" visitedClasses="0" numClasses="1" visitedMethods="0" numMethods="3" />
          <FullName>AlphaTank.UnitTests.Models.GameObjects.ShellTests.MoveDown_Should</FullName>
          <Methods>
            <Method visited="false" cyclomaticComplexity="1" nPathComplexity="0" sequenceCoverage="0" branchCoverage="0" crapScore="2" isConstructor="false" isStatic="false" isGetter="false" isSetter="false">
              <Summary numSequencePoints="6" visitedSequencePoints="0" numBranchPoints="1" visitedBranchPoints="0" sequenceCoverage="0" branchCoverage="0" maxCyclomaticComplexity="1" minCyclomaticComplexity="1" maxCrapScore="2" minCrapScore="2" visitedClasses="0" numClasses="0" visitedMethods="0" numMethods="1" />
              <MetadataToken>100663317</MetadataToken>
              <Name>System.Void AlphaTank.UnitTests.Models.GameObjects.ShellTests.MoveDown_Should::Initialize()</Name>
              <FileRef uid="3" />
              <SequencePoints>
                <SequencePoint vc="0" uspid="58" ordinal="0" offset="0" sl="19" sc="9" el="19" ec="10" bec="0" bev="0" fileid="3" />
                <SequencePoint vc="0" uspid="59" ordinal="1" offset="1" sl="20" sc="13" el="20" ec="69" bec="0" bev="0" fileid="3" />
                <SequencePoint vc="0" uspid="60" ordinal="2" offset="12" sl="23" sc="13" el="23" ec="40" bec="0" bev="0" fileid="3" />
                <SequencePoint vc="0" uspid="61" ordinal="3" offset="23" sl="25" sc="13" el="25" ec="64" bec="0" bev="0" fileid="3" />
                <SequencePoint vc="0" uspid="62" ordinal="4" offset="129" sl="26" sc="13" el="26" ec="64" bec="0" bev="0" fileid="3" />
                <SequencePoint vc="0" uspid="63" ordinal="5" offset="235" sl="28" sc="9" el="28" ec="10" bec="0" bev="0" fileid="3" />
              </SequencePoints>
              <BranchPoints />
              <MethodPoint xsi:type="SequencePoint" vc="0" uspid="58" ordinal="0" offset="0" sl="19" sc="9" el="19" ec="10" bec="0" bev="0" fileid="3" />
            </Method>
            <Method visited="false" cyclomaticComplexity="1" nPathComplexity="0" sequenceCoverage="0" branchCoverage="0" crapScore="2" isConstructor="false" isStatic="false" isGetter="false" isSetter="false">
              <Summary numSequencePoints="12" visitedSequencePoints="0" numBranchPoints="1" visitedBranchPoints="0" sequenceCoverage="0" branchCoverage="0" maxCyclomaticComplexity="1" minCyclomaticComplexity="1" maxCrapScore="2" minCrapScore="2" visitedClasses="0" numClasses="0" visitedMethods="0" numMethods="1" />
              <MetadataToken>100663318</MetadataToken>
              <Name>System.Void AlphaTank.UnitTests.Models.GameObjects.ShellTests.MoveDown_Should::Return_False_IfCollision_IsDetected()</Name>
              <FileRef uid="3" />
              <SequencePoints>
                <SequencePoint vc="0" uspid="64" ordinal="0" offset="13" sl="32" sc="9" el="32" ec="10" bec="0" bev="0" fileid="3" />
                <SequencePoint vc="0" uspid="65" ordinal="1" offset="14" sl="34" sc="13" el="34" ec="25" bec="0" bev="0" fileid="3" />
                <SequencePoint vc="0" uspid="66" ordinal="2" offset="21" sl="35" sc="13" el="35" ec="25" bec="0" bev="0" fileid="3" />
                <SequencePoint vc="0" uspid="67" ordinal="3" offset="28" sl="36" sc="13" el="36" ec="44" bec="0" bev="0" fileid="3" />
                <SequencePoint vc="0" uspid="68" ordinal="4" offset="30" sl="37" sc="13" el="37" ec="56" bec="0" bev="0" fileid="3" />
                <SequencePoint vc="0" uspid="69" ordinal="5" offset="36" sl="39" sc="13" el="39" ec="58" bec="0" bev="0" fileid="3" />
                <SequencePoint vc="0" uspid="70" ordinal="6" offset="42" sl="40" sc="13" el="40" ec="107" bec="0" bev="0" fileid="3" />
                <SequencePoint vc="0" uspid="71" ordinal="7" offset="189" sl="42" sc="13" el="42" ec="124" bec="0" bev="0" fileid="3" />
                <SequencePoint vc="0" uspid="72" ordinal="8" offset="237" sl="44" sc="13" el="44" ec="101" bec="0" bev="0" fileid="3" />
                <SequencePoint vc="0" uspid="73" ordinal="9" offset="469" sl="47" sc="13" el="47" ec="43" bec="0" bev="0" fileid="3" />
                <SequencePoint vc="0" uspid="74" ordinal="10" offset="478" sl="50" sc="13" el="50" ec="36" bec="0" bev="0" fileid="3" />
                <SequencePoint vc="0" uspid="75" ordinal="11" offset="486" sl="51" sc="9" el="51" ec="10" bec="0" bev="0" fileid="3" />
              </SequencePoints>
              <BranchPoints />
              <MethodPoint vc="0" uspid="76" ordinal="0" offset="0" />
            </Method>
            <Method visited="false" cyclomaticComplexity="1" nPathComplexity="0" sequenceCoverage="0" branchCoverage="0" crapScore="2" isConstructor="false" isStatic="false" isGetter="false" isSetter="false">
              <Summary numSequencePoints="12" visitedSequencePoints="0" numBranchPoints="1" visitedBranchPoints="0" sequenceCoverage="0" branchCoverage="0" maxCyclomaticComplexity="1" minCyclomaticComplexity="1" maxCrapScore="2" minCrapScore="2" visitedClasses="0" numClasses="0" visitedMethods="0" numMethods="1" />
              <MetadataToken>100663319</MetadataToken>
              <Name>System.Void AlphaTank.UnitTests.Models.GameObjects.ShellTests.MoveDown_Should::Return_True_IfCollision_IsNotDetected()</Name>
              <FileRef uid="3" />
              <SequencePoints>
                <SequencePoint vc="0" uspid="77" ordinal="0" offset="13" sl="77" sc="9" el="77" ec="10" bec="0" bev="0" fileid="3" />
                <SequencePoint vc="0" uspid="78" ordinal="1" offset="14" sl="79" sc="13" el="79" ec="25" bec="0" bev="0" fileid="3" />
                <SequencePoint vc="0" uspid="79" ordinal="2" offset="21" sl="80" sc="13" el="80" ec="25" bec="0" bev="0" fileid="3" />
                <SequencePoint vc="0" uspid="80" ordinal="3" offset="28" sl="81" sc="13" el="81" ec="44" bec="0" bev="0" fileid="3" />
                <SequencePoint vc="0" uspid="81" ordinal="4" offset="30" sl="82" sc="13" el="82" ec="56" bec="0" bev="0" fileid="3" />
                <SequencePoint vc="0" uspid="82" ordinal="5" offset="36" sl="84" sc="13" el="84" ec="58" bec="0" bev="0" fileid="3" />
                <SequencePoint vc="0" uspid="83" ordinal="6" offset="42" sl="85" sc="13" el="85" ec="107" bec="0" bev="0" fileid="3" />
                <SequencePoint vc="0" uspid="84" ordinal="7" offset="189" sl="87" sc="13" el="87" ec="124" bec="0" bev="0" fileid="3" />
                <SequencePoint vc="0" uspid="85" ordinal="8" offset="237" sl="89" sc="13" el="89" ec="102" bec="0" bev="0" fileid="3" />
                <SequencePoint vc="0" uspid="86" ordinal="9" offset="469" sl="92" sc="13" el="92" ec="43" bec="0" bev="0" fileid="3" />
                <SequencePoint vc="0" uspid="87" ordinal="10" offset="478" sl="95" sc="13" el="95" ec="35" bec="0" bev="0" fileid="3" />
                <SequencePoint vc="0" uspid="88" ordinal="11" offset="486" sl="96" sc="9" el="96" ec="10" bec="0" bev="0" fileid="3" />
              </SequencePoints>
              <BranchPoints />
              <MethodPoint vc="0" uspid="89" ordinal="0" offset="0" />
            </Method>
            <Method visited="false" cyclomaticComplexity="1" nPathComplexity="0" sequenceCoverage="0" branchCoverage="0" crapScore="2" isConstructor="true" isStatic="false" isGetter="false" isSetter="false">
              <Summary numSequencePoints="0" visitedSequencePoints="0" numBranchPoints="0" visitedBranchPoints="0" sequenceCoverage="0" branchCoverage="0" maxCyclomaticComplexity="1" minCyclomaticComplexity="1" maxCrapScore="2" minCrapScore="2" visitedClasses="0" numClasses="0" visitedMethods="0" numMethods="0" />
              <MetadataToken>100663320</MetadataToken>
              <Name>System.Void AlphaTank.UnitTests.Models.GameObjects.ShellTests.MoveDown_Should::.ctor()</Name>
              <SequencePoints />
              <BranchPoints />
              <MethodPoint vc="0" uspid="90" ordinal="0" offset="0" />
            </Method>
          </Methods>
        </Class>
        <Class>
          <Summary numSequencePoints="0" visitedSequencePoints="0" numBranchPoints="0" visitedBranchPoints="0" sequenceCoverage="0" branchCoverage="0" maxCyclomaticComplexity="1" minCyclomaticComplexity="1" maxCrapScore="2" minCrapScore="2" visitedClasses="0" numClasses="0" visitedMethods="0" numMethods="0" />
          <FullName>AlphaTank.UnitTests.Models.GameObjects.ShellTests.MoveDown_Should/&lt;&gt;c__DisplayClass3_0</FullName>
          <Methods>
            <Method visited="false" cyclomaticComplexity="1" nPathComplexity="0" sequenceCoverage="0" branchCoverage="0" crapScore="2" isConstructor="true" isStatic="false" isGetter="false" isSetter="false">
              <Summary numSequencePoints="0" visitedSequencePoints="0" numBranchPoints="0" visitedBranchPoints="0" sequenceCoverage="0" branchCoverage="0" maxCyclomaticComplexity="1" minCyclomaticComplexity="1" maxCrapScore="2" minCrapScore="2" visitedClasses="0" numClasses="0" visitedMethods="0" numMethods="0" />
              <MetadataToken>100663366</MetadataToken>
              <Name>System.Void AlphaTank.UnitTests.Models.GameObjects.ShellTests.MoveDown_Should/&lt;&gt;c__DisplayClass3_0::.ctor()</Name>
              <SequencePoints />
              <BranchPoints />
              <MethodPoint vc="0" uspid="91" ordinal="0" offset="0" />
            </Method>
          </Methods>
        </Class>
        <Class>
          <Summary numSequencePoints="0" visitedSequencePoints="0" numBranchPoints="0" visitedBranchPoints="0" sequenceCoverage="0" branchCoverage="0" maxCyclomaticComplexity="1" minCyclomaticComplexity="1" maxCrapScore="2" minCrapScore="2" visitedClasses="0" numClasses="0" visitedMethods="0" numMethods="0" />
          <FullName>AlphaTank.UnitTests.Models.GameObjects.ShellTests.MoveDown_Should/&lt;&gt;c__DisplayClass4_0</FullName>
          <Methods>
            <Method visited="false" cyclomaticComplexity="1" nPathComplexity="0" sequenceCoverage="0" branchCoverage="0" crapScore="2" isConstructor="true" isStatic="false" isGetter="false" isSetter="false">
              <Summary numSequencePoints="0" visitedSequencePoints="0" numBranchPoints="0" visitedBranchPoints="0" sequenceCoverage="0" branchCoverage="0" maxCyclomaticComplexity="1" minCyclomaticComplexity="1" maxCrapScore="2" minCrapScore="2" visitedClasses="0" numClasses="0" visitedMethods="0" numMethods="0" />
              <MetadataToken>100663367</MetadataToken>
              <Name>System.Void AlphaTank.UnitTests.Models.GameObjects.ShellTests.MoveDown_Should/&lt;&gt;c__DisplayClass4_0::.ctor()</Name>
              <SequencePoints />
              <BranchPoints />
              <MethodPoint vc="0" uspid="92" ordinal="0" offset="0" />
            </Method>
          </Methods>
        </Class>
        <Class>
          <Summary numSequencePoints="30" visitedSequencePoints="0" numBranchPoints="3" visitedBranchPoints="0" sequenceCoverage="0" branchCoverage="0" maxCyclomaticComplexity="1" minCyclomaticComplexity="1" maxCrapScore="2" minCrapScore="2" visitedClasses="0" numClasses="1" visitedMethods="0" numMethods="3" />
          <FullName>AlphaTank.UnitTests.Models.GameObjects.ShellTests.MoveLeft_Should</FullName>
          <Methods>
            <Method visited="false" cyclomaticComplexity="1" nPathComplexity="0" sequenceCoverage="0" branchCoverage="0" crapScore="2" isConstructor="false" isStatic="false" isGetter="false" isSetter="false">
              <Summary numSequencePoints="6" visitedSequencePoints="0" numBranchPoints="1" visitedBranchPoints="0" sequenceCoverage="0" branchCoverage="0" maxCyclomaticComplexity="1" minCyclomaticComplexity="1" maxCrapScore="2" minCrapScore="2" visitedClasses="0" numClasses="0" visitedMethods="0" numMethods="1" />
              <MetadataToken>100663321</MetadataToken>
              <Name>System.Void AlphaTank.UnitTests.Models.GameObjects.ShellTests.MoveLeft_Should::Initialize()</Name>
              <FileRef uid="4" />
              <SequencePoints>
                <SequencePoint vc="0" uspid="93" ordinal="0" offset="0" sl="19" sc="9" el="19" ec="10" bec="0" bev="0" fileid="4" />
                <SequencePoint vc="0" uspid="94" ordinal="1" offset="1" sl="20" sc="13" el="20" ec="69" bec="0" bev="0" fileid="4" />
                <SequencePoint vc="0" uspid="95" ordinal="2" offset="12" sl="23" sc="13" el="23" ec="40" bec="0" bev="0" fileid="4" />
                <SequencePoint vc="0" uspid="96" ordinal="3" offset="23" sl="25" sc="13" el="25" ec="64" bec="0" bev="0" fileid="4" />
                <SequencePoint vc="0" uspid="97" ordinal="4" offset="129" sl="26" sc="13" el="26" ec="64" bec="0" bev="0" fileid="4" />
                <SequencePoint vc="0" uspid="98" ordinal="5" offset="235" sl="28" sc="9" el="28" ec="10" bec="0" bev="0" fileid="4" />
              </SequencePoints>
              <BranchPoints />
              <MethodPoint xsi:type="SequencePoint" vc="0" uspid="93" ordinal="0" offset="0" sl="19" sc="9" el="19" ec="10" bec="0" bev="0" fileid="4" />
            </Method>
            <Method visited="false" cyclomaticComplexity="1" nPathComplexity="0" sequenceCoverage="0" branchCoverage="0" crapScore="2" isConstructor="false" isStatic="false" isGetter="false" isSetter="false">
              <Summary numSequencePoints="12" visitedSequencePoints="0" numBranchPoints="1" visitedBranchPoints="0" sequenceCoverage="0" branchCoverage="0" maxCyclomaticComplexity="1" minCyclomaticComplexity="1" maxCrapScore="2" minCrapScore="2" visitedClasses="0" numClasses="0" visitedMethods="0" numMethods="1" />
              <MetadataToken>100663322</MetadataToken>
              <Name>System.Void AlphaTank.UnitTests.Models.GameObjects.ShellTests.MoveLeft_Should::Return_False_IfCollision_IsDetected()</Name>
              <FileRef uid="4" />
              <SequencePoints>
                <SequencePoint vc="0" uspid="99" ordinal="0" offset="13" sl="32" sc="9" el="32" ec="10" bec="0" bev="0" fileid="4" />
                <SequencePoint vc="0" uspid="100" ordinal="1" offset="14" sl="34" sc="13" el="34" ec="25" bec="0" bev="0" fileid="4" />
                <SequencePoint vc="0" uspid="101" ordinal="2" offset="21" sl="35" sc="13" el="35" ec="25" bec="0" bev="0" fileid="4" />
                <SequencePoint vc="0" uspid="102" ordinal="3" offset="28" sl="36" sc="13" el="36" ec="44" bec="0" bev="0" fileid="4" />
                <SequencePoint vc="0" uspid="103" ordinal="4" offset="30" sl="37" sc="13" el="37" ec="56" bec="0" bev="0" fileid="4" />
                <SequencePoint vc="0" uspid="104" ordinal="5" offset="36" sl="39" sc="13" el="39" ec="58" bec="0" bev="0" fileid="4" />
                <SequencePoint vc="0" uspid="105" ordinal="6" offset="42" sl="40" sc="13" el="40" ec="107" bec="0" bev="0" fileid="4" />
                <SequencePoint vc="0" uspid="106" ordinal="7" offset="189" sl="42" sc="13" el="42" ec="124" bec="0" bev="0" fileid="4" />
                <SequencePoint vc="0" uspid="107" ordinal="8" offset="237" sl="44" sc="13" el="44" ec="101" bec="0" bev="0" fileid="4" />
                <SequencePoint vc="0" uspid="108" ordinal="9" offset="469" sl="47" sc="13" el="47" ec="43" bec="0" bev="0" fileid="4" />
                <SequencePoint vc="0" uspid="109" ordinal="10" offset="478" sl="50" sc="13" el="50" ec="36" bec="0" bev="0" fileid="4" />
                <SequencePoint vc="0" uspid="110" ordinal="11" offset="486" sl="51" sc="9" el="51" ec="10" bec="0" bev="0" fileid="4" />
              </SequencePoints>
              <BranchPoints />
              <MethodPoint vc="0" uspid="111" ordinal="0" offset="0" />
            </Method>
            <Method visited="false" cyclomaticComplexity="1" nPathComplexity="0" sequenceCoverage="0" branchCoverage="0" crapScore="2" isConstructor="false" isStatic="false" isGetter="false" isSetter="false">
              <Summary numSequencePoints="12" visitedSequencePoints="0" numBranchPoints="1" visitedBranchPoints="0" sequenceCoverage="0" branchCoverage="0" maxCyclomaticComplexity="1" minCyclomaticComplexity="1" maxCrapScore="2" minCrapScore="2" visitedClasses="0" numClasses="0" visitedMethods="0" numMethods="1" />
              <MetadataToken>100663323</MetadataToken>
              <Name>System.Void AlphaTank.UnitTests.Models.GameObjects.ShellTests.MoveLeft_Should::Return_True_IfCollision_IsNotDetected()</Name>
              <FileRef uid="4" />
              <SequencePoints>
                <SequencePoint vc="0" uspid="112" ordinal="0" offset="13" sl="55" sc="9" el="55" ec="10" bec="0" bev="0" fileid="4" />
                <SequencePoint vc="0" uspid="113" ordinal="1" offset="14" sl="57" sc="13" el="57" ec="25" bec="0" bev="0" fileid="4" />
                <SequencePoint vc="0" uspid="114" ordinal="2" offset="21" sl="58" sc="13" el="58" ec="25" bec="0" bev="0" fileid="4" />
                <SequencePoint vc="0" uspid="115" ordinal="3" offset="28" sl="59" sc="13" el="59" ec="44" bec="0" bev="0" fileid="4" />
                <SequencePoint vc="0" uspid="116" ordinal="4" offset="30" sl="60" sc="13" el="60" ec="56" bec="0" bev="0" fileid="4" />
                <SequencePoint vc="0" uspid="117" ordinal="5" offset="36" sl="62" sc="13" el="62" ec="58" bec="0" bev="0" fileid="4" />
                <SequencePoint vc="0" uspid="118" ordinal="6" offset="42" sl="63" sc="13" el="63" ec="107" bec="0" bev="0" fileid="4" />
                <SequencePoint vc="0" uspid="119" ordinal="7" offset="189" sl="65" sc="13" el="65" ec="124" bec="0" bev="0" fileid="4" />
                <SequencePoint vc="0" uspid="120" ordinal="8" offset="237" sl="67" sc="13" el="67" ec="102" bec="0" bev="0" fileid="4" />
                <SequencePoint vc="0" uspid="121" ordinal="9" offset="469" sl="70" sc="13" el="70" ec="43" bec="0" bev="0" fileid="4" />
                <SequencePoint vc="0" uspid="122" ordinal="10" offset="478" sl="73" sc="13" el="73" ec="35" bec="0" bev="0" fileid="4" />
                <SequencePoint vc="0" uspid="123" ordinal="11" offset="486" sl="74" sc="9" el="74" ec="10" bec="0" bev="0" fileid="4" />
              </SequencePoints>
              <BranchPoints />
              <MethodPoint vc="0" uspid="124" ordinal="0" offset="0" />
            </Method>
            <Method visited="false" cyclomaticComplexity="1" nPathComplexity="0" sequenceCoverage="0" branchCoverage="0" crapScore="2" isConstructor="true" isStatic="false" isGetter="false" isSetter="false">
              <Summary numSequencePoints="0" visitedSequencePoints="0" numBranchPoints="0" visitedBranchPoints="0" sequenceCoverage="0" branchCoverage="0" maxCyclomaticComplexity="1" minCyclomaticComplexity="1" maxCrapScore="2" minCrapScore="2" visitedClasses="0" numClasses="0" visitedMethods="0" numMethods="0" />
              <MetadataToken>100663324</MetadataToken>
              <Name>System.Void AlphaTank.UnitTests.Models.GameObjects.ShellTests.MoveLeft_Should::.ctor()</Name>
              <SequencePoints />
              <BranchPoints />
              <MethodPoint vc="0" uspid="125" ordinal="0" offset="0" />
            </Method>
          </Methods>
        </Class>
        <Class>
          <Summary numSequencePoints="0" visitedSequencePoints="0" numBranchPoints="0" visitedBranchPoints="0" sequenceCoverage="0" branchCoverage="0" maxCyclomaticComplexity="1" minCyclomaticComplexity="1" maxCrapScore="2" minCrapScore="2" visitedClasses="0" numClasses="0" visitedMethods="0" numMethods="0" />
          <FullName>AlphaTank.UnitTests.Models.GameObjects.ShellTests.MoveLeft_Should/&lt;&gt;c__DisplayClass3_0</FullName>
          <Methods>
            <Method visited="false" cyclomaticComplexity="1" nPathComplexity="0" sequenceCoverage="0" branchCoverage="0" crapScore="2" isConstructor="true" isStatic="false" isGetter="false" isSetter="false">
              <Summary numSequencePoints="0" visitedSequencePoints="0" numBranchPoints="0" visitedBranchPoints="0" sequenceCoverage="0" branchCoverage="0" maxCyclomaticComplexity="1" minCyclomaticComplexity="1" maxCrapScore="2" minCrapScore="2" visitedClasses="0" numClasses="0" visitedMethods="0" numMethods="0" />
              <MetadataToken>100663368</MetadataToken>
              <Name>System.Void AlphaTank.UnitTests.Models.GameObjects.ShellTests.MoveLeft_Should/&lt;&gt;c__DisplayClass3_0::.ctor()</Name>
              <SequencePoints />
              <BranchPoints />
              <MethodPoint vc="0" uspid="126" ordinal="0" offset="0" />
            </Method>
          </Methods>
        </Class>
        <Class>
          <Summary numSequencePoints="0" visitedSequencePoints="0" numBranchPoints="0" visitedBranchPoints="0" sequenceCoverage="0" branchCoverage="0" maxCyclomaticComplexity="1" minCyclomaticComplexity="1" maxCrapScore="2" minCrapScore="2" visitedClasses="0" numClasses="0" visitedMethods="0" numMethods="0" />
          <FullName>AlphaTank.UnitTests.Models.GameObjects.ShellTests.MoveLeft_Should/&lt;&gt;c__DisplayClass4_0</FullName>
          <Methods>
            <Method visited="false" cyclomaticComplexity="1" nPathComplexity="0" sequenceCoverage="0" branchCoverage="0" crapScore="2" isConstructor="true" isStatic="false" isGetter="false" isSetter="false">
              <Summary numSequencePoints="0" visitedSequencePoints="0" numBranchPoints="0" visitedBranchPoints="0" sequenceCoverage="0" branchCoverage="0" maxCyclomaticComplexity="1" minCyclomaticComplexity="1" maxCrapScore="2" minCrapScore="2" visitedClasses="0" numClasses="0" visitedMethods="0" numMethods="0" />
              <MetadataToken>100663369</MetadataToken>
              <Name>System.Void AlphaTank.UnitTests.Models.GameObjects.ShellTests.MoveLeft_Should/&lt;&gt;c__DisplayClass4_0::.ctor()</Name>
              <SequencePoints />
              <BranchPoints />
              <MethodPoint vc="0" uspid="127" ordinal="0" offset="0" />
            </Method>
          </Methods>
        </Class>
        <Class>
          <Summary numSequencePoints="30" visitedSequencePoints="0" numBranchPoints="3" visitedBranchPoints="0" sequenceCoverage="0" branchCoverage="0" maxCyclomaticComplexity="1" minCyclomaticComplexity="1" maxCrapScore="2" minCrapScore="2" visitedClasses="0" numClasses="1" visitedMethods="0" numMethods="3" />
          <FullName>AlphaTank.UnitTests.Models.GameObjects.ShellTests.MoveRight_Should</FullName>
          <Methods>
            <Method visited="false" cyclomaticComplexity="1" nPathComplexity="0" sequenceCoverage="0" branchCoverage="0" crapScore="2" isConstructor="false" isStatic="false" isGetter="false" isSetter="false">
              <Summary numSequencePoints="6" visitedSequencePoints="0" numBranchPoints="1" visitedBranchPoints="0" sequenceCoverage="0" branchCoverage="0" maxCyclomaticComplexity="1" minCyclomaticComplexity="1" maxCrapScore="2" minCrapScore="2" visitedClasses="0" numClasses="0" visitedMethods="0" numMethods="1" />
              <MetadataToken>100663325</MetadataToken>
              <Name>System.Void AlphaTank.UnitTests.Models.GameObjects.ShellTests.MoveRight_Should::Initialize()</Name>
              <FileRef uid="5" />
              <SequencePoints>
                <SequencePoint vc="0" uspid="128" ordinal="0" offset="0" sl="19" sc="9" el="19" ec="10" bec="0" bev="0" fileid="5" />
                <SequencePoint vc="0" uspid="129" ordinal="1" offset="1" sl="20" sc="13" el="20" ec="69" bec="0" bev="0" fileid="5" />
                <SequencePoint vc="0" uspid="130" ordinal="2" offset="12" sl="23" sc="13" el="23" ec="40" bec="0" bev="0" fileid="5" />
                <SequencePoint vc="0" uspid="131" ordinal="3" offset="23" sl="25" sc="13" el="25" ec="64" bec="0" bev="0" fileid="5" />
                <SequencePoint vc="0" uspid="132" ordinal="4" offset="129" sl="26" sc="13" el="26" ec="64" bec="0" bev="0" fileid="5" />
                <SequencePoint vc="0" uspid="133" ordinal="5" offset="235" sl="28" sc="9" el="28" ec="10" bec="0" bev="0" fileid="5" />
              </SequencePoints>
              <BranchPoints />
              <MethodPoint xsi:type="SequencePoint" vc="0" uspid="128" ordinal="0" offset="0" sl="19" sc="9" el="19" ec="10" bec="0" bev="0" fileid="5" />
            </Method>
            <Method visited="false" cyclomaticComplexity="1" nPathComplexity="0" sequenceCoverage="0" branchCoverage="0" crapScore="2" isConstructor="false" isStatic="false" isGetter="false" isSetter="false">
              <Summary numSequencePoints="12" visitedSequencePoints="0" numBranchPoints="1" visitedBranchPoints="0" sequenceCoverage="0" branchCoverage="0" maxCyclomaticComplexity="1" minCyclomaticComplexity="1" maxCrapScore="2" minCrapScore="2" visitedClasses="0" numClasses="0" visitedMethods="0" numMethods="1" />
              <MetadataToken>100663326</MetadataToken>
              <Name>System.Void AlphaTank.UnitTests.Models.GameObjects.ShellTests.MoveRight_Should::Return_False_IfCollision_IsDetected()</Name>
              <FileRef uid="5" />
              <SequencePoints>
                <SequencePoint vc="0" uspid="134" ordinal="0" offset="13" sl="32" sc="9" el="32" ec="10" bec="0" bev="0" fileid="5" />
                <SequencePoint vc="0" uspid="135" ordinal="1" offset="14" sl="34" sc="13" el="34" ec="25" bec="0" bev="0" fileid="5" />
                <SequencePoint vc="0" uspid="136" ordinal="2" offset="21" sl="35" sc="13" el="35" ec="25" bec="0" bev="0" fileid="5" />
                <SequencePoint vc="0" uspid="137" ordinal="3" offset="28" sl="36" sc="13" el="36" ec="45" bec="0" bev="0" fileid="5" />
                <SequencePoint vc="0" uspid="138" ordinal="4" offset="30" sl="37" sc="13" el="37" ec="56" bec="0" bev="0" fileid="5" />
                <SequencePoint vc="0" uspid="139" ordinal="5" offset="36" sl="39" sc="13" el="39" ec="58" bec="0" bev="0" fileid="5" />
                <SequencePoint vc="0" uspid="140" ordinal="6" offset="42" sl="40" sc="13" el="40" ec="107" bec="0" bev="0" fileid="5" />
                <SequencePoint vc="0" uspid="141" ordinal="7" offset="189" sl="42" sc="13" el="42" ec="124" bec="0" bev="0" fileid="5" />
                <SequencePoint vc="0" uspid="142" ordinal="8" offset="237" sl="44" sc="13" el="44" ec="101" bec="0" bev="0" fileid="5" />
                <SequencePoint vc="0" uspid="143" ordinal="9" offset="469" sl="47" sc="13" el="47" ec="44" bec="0" bev="0" fileid="5" />
                <SequencePoint vc="0" uspid="144" ordinal="10" offset="478" sl="50" sc="13" el="50" ec="36" bec="0" bev="0" fileid="5" />
                <SequencePoint vc="0" uspid="145" ordinal="11" offset="486" sl="51" sc="9" el="51" ec="10" bec="0" bev="0" fileid="5" />
              </SequencePoints>
              <BranchPoints />
              <MethodPoint vc="0" uspid="146" ordinal="0" offset="0" />
            </Method>
            <Method visited="false" cyclomaticComplexity="1" nPathComplexity="0" sequenceCoverage="0" branchCoverage="0" crapScore="2" isConstructor="false" isStatic="false" isGetter="false" isSetter="false">
              <Summary numSequencePoints="12" visitedSequencePoints="0" numBranchPoints="1" visitedBranchPoints="0" sequenceCoverage="0" branchCoverage="0" maxCyclomaticComplexity="1" minCyclomaticComplexity="1" maxCrapScore="2" minCrapScore="2" visitedClasses="0" numClasses="0" visitedMethods="0" numMethods="1" />
              <MetadataToken>100663327</MetadataToken>
              <Name>System.Void AlphaTank.UnitTests.Models.GameObjects.ShellTests.MoveRight_Should::Return_True_IfCollision_IsNotDetected()</Name>
              <FileRef uid="5" />
              <SequencePoints>
                <SequencePoint vc="0" uspid="147" ordinal="0" offset="13" sl="55" sc="9" el="55" ec="10" bec="0" bev="0" fileid="5" />
                <SequencePoint vc="0" uspid="148" ordinal="1" offset="14" sl="57" sc="13" el="57" ec="25" bec="0" bev="0" fileid="5" />
                <SequencePoint vc="0" uspid="149" ordinal="2" offset="21" sl="58" sc="13" el="58" ec="25" bec="0" bev="0" fileid="5" />
                <SequencePoint vc="0" uspid="150" ordinal="3" offset="28" sl="59" sc="13" el="59" ec="45" bec="0" bev="0" fileid="5" />
                <SequencePoint vc="0" uspid="151" ordinal="4" offset="30" sl="60" sc="13" el="60" ec="56" bec="0" bev="0" fileid="5" />
                <SequencePoint vc="0" uspid="152" ordinal="5" offset="36" sl="62" sc="13" el="62" ec="58" bec="0" bev="0" fileid="5" />
                <SequencePoint vc="0" uspid="153" ordinal="6" offset="42" sl="63" sc="13" el="63" ec="107" bec="0" bev="0" fileid="5" />
                <SequencePoint vc="0" uspid="154" ordinal="7" offset="189" sl="65" sc="13" el="65" ec="124" bec="0" bev="0" fileid="5" />
                <SequencePoint vc="0" uspid="155" ordinal="8" offset="237" sl="67" sc="13" el="67" ec="102" bec="0" bev="0" fileid="5" />
                <SequencePoint vc="0" uspid="156" ordinal="9" offset="469" sl="70" sc="13" el="70" ec="44" bec="0" bev="0" fileid="5" />
                <SequencePoint vc="0" uspid="157" ordinal="10" offset="478" sl="73" sc="13" el="73" ec="35" bec="0" bev="0" fileid="5" />
                <SequencePoint vc="0" uspid="158" ordinal="11" offset="486" sl="74" sc="9" el="74" ec="10" bec="0" bev="0" fileid="5" />
              </SequencePoints>
              <BranchPoints />
              <MethodPoint vc="0" uspid="159" ordinal="0" offset="0" />
            </Method>
            <Method visited="false" cyclomaticComplexity="1" nPathComplexity="0" sequenceCoverage="0" branchCoverage="0" crapScore="2" isConstructor="true" isStatic="false" isGetter="false" isSetter="false">
              <Summary numSequencePoints="0" visitedSequencePoints="0" numBranchPoints="0" visitedBranchPoints="0" sequenceCoverage="0" branchCoverage="0" maxCyclomaticComplexity="1" minCyclomaticComplexity="1" maxCrapScore="2" minCrapScore="2" visitedClasses="0" numClasses="0" visitedMethods="0" numMethods="0" />
              <MetadataToken>100663328</MetadataToken>
              <Name>System.Void AlphaTank.UnitTests.Models.GameObjects.ShellTests.MoveRight_Should::.ctor()</Name>
              <SequencePoints />
              <BranchPoints />
              <MethodPoint vc="0" uspid="160" ordinal="0" offset="0" />
            </Method>
          </Methods>
        </Class>
        <Class>
          <Summary numSequencePoints="0" visitedSequencePoints="0" numBranchPoints="0" visitedBranchPoints="0" sequenceCoverage="0" branchCoverage="0" maxCyclomaticComplexity="1" minCyclomaticComplexity="1" maxCrapScore="2" minCrapScore="2" visitedClasses="0" numClasses="0" visitedMethods="0" numMethods="0" />
          <FullName>AlphaTank.UnitTests.Models.GameObjects.ShellTests.MoveRight_Should/&lt;&gt;c__DisplayClass3_0</FullName>
          <Methods>
            <Method visited="false" cyclomaticComplexity="1" nPathComplexity="0" sequenceCoverage="0" branchCoverage="0" crapScore="2" isConstructor="true" isStatic="false" isGetter="false" isSetter="false">
              <Summary numSequencePoints="0" visitedSequencePoints="0" numBranchPoints="0" visitedBranchPoints="0" sequenceCoverage="0" branchCoverage="0" maxCyclomaticComplexity="1" minCyclomaticComplexity="1" maxCrapScore="2" minCrapScore="2" visitedClasses="0" numClasses="0" visitedMethods="0" numMethods="0" />
              <MetadataToken>100663370</MetadataToken>
              <Name>System.Void AlphaTank.UnitTests.Models.GameObjects.ShellTests.MoveRight_Should/&lt;&gt;c__DisplayClass3_0::.ctor()</Name>
              <SequencePoints />
              <BranchPoints />
              <MethodPoint vc="0" uspid="161" ordinal="0" offset="0" />
            </Method>
          </Methods>
        </Class>
        <Class>
          <Summary numSequencePoints="0" visitedSequencePoints="0" numBranchPoints="0" visitedBranchPoints="0" sequenceCoverage="0" branchCoverage="0" maxCyclomaticComplexity="1" minCyclomaticComplexity="1" maxCrapScore="2" minCrapScore="2" visitedClasses="0" numClasses="0" visitedMethods="0" numMethods="0" />
          <FullName>AlphaTank.UnitTests.Models.GameObjects.ShellTests.MoveRight_Should/&lt;&gt;c__DisplayClass4_0</FullName>
          <Methods>
            <Method visited="false" cyclomaticComplexity="1" nPathComplexity="0" sequenceCoverage="0" branchCoverage="0" crapScore="2" isConstructor="true" isStatic="false" isGetter="false" isSetter="false">
              <Summary numSequencePoints="0" visitedSequencePoints="0" numBranchPoints="0" visitedBranchPoints="0" sequenceCoverage="0" branchCoverage="0" maxCyclomaticComplexity="1" minCyclomaticComplexity="1" maxCrapScore="2" minCrapScore="2" visitedClasses="0" numClasses="0" visitedMethods="0" numMethods="0" />
              <MetadataToken>100663371</MetadataToken>
              <Name>System.Void AlphaTank.UnitTests.Models.GameObjects.ShellTests.MoveRight_Should/&lt;&gt;c__DisplayClass4_0::.ctor()</Name>
              <SequencePoints />
              <BranchPoints />
              <MethodPoint vc="0" uspid="162" ordinal="0" offset="0" />
            </Method>
          </Methods>
        </Class>
        <Class>
          <Summary numSequencePoints="30" visitedSequencePoints="0" numBranchPoints="3" visitedBranchPoints="0" sequenceCoverage="0" branchCoverage="0" maxCyclomaticComplexity="1" minCyclomaticComplexity="1" maxCrapScore="2" minCrapScore="2" visitedClasses="0" numClasses="1" visitedMethods="0" numMethods="3" />
          <FullName>AlphaTank.UnitTests.Models.GameObjects.ShellTests.MoveUp_Should</FullName>
          <Methods>
            <Method visited="false" cyclomaticComplexity="1" nPathComplexity="0" sequenceCoverage="0" branchCoverage="0" crapScore="2" isConstructor="false" isStatic="false" isGetter="false" isSetter="false">
              <Summary numSequencePoints="6" visitedSequencePoints="0" numBranchPoints="1" visitedBranchPoints="0" sequenceCoverage="0" branchCoverage="0" maxCyclomaticComplexity="1" minCyclomaticComplexity="1" maxCrapScore="2" minCrapScore="2" visitedClasses="0" numClasses="0" visitedMethods="0" numMethods="1" />
              <MetadataToken>100663329</MetadataToken>
              <Name>System.Void AlphaTank.UnitTests.Models.GameObjects.ShellTests.MoveUp_Should::Initialize()</Name>
              <FileRef uid="6" />
              <SequencePoints>
                <SequencePoint vc="0" uspid="163" ordinal="0" offset="0" sl="19" sc="9" el="19" ec="10" bec="0" bev="0" fileid="6" />
                <SequencePoint vc="0" uspid="164" ordinal="1" offset="1" sl="20" sc="13" el="20" ec="69" bec="0" bev="0" fileid="6" />
                <SequencePoint vc="0" uspid="165" ordinal="2" offset="12" sl="23" sc="13" el="23" ec="40" bec="0" bev="0" fileid="6" />
                <SequencePoint vc="0" uspid="166" ordinal="3" offset="23" sl="25" sc="13" el="25" ec="64" bec="0" bev="0" fileid="6" />
                <SequencePoint vc="0" uspid="167" ordinal="4" offset="129" sl="26" sc="13" el="26" ec="64" bec="0" bev="0" fileid="6" />
                <SequencePoint vc="0" uspid="168" ordinal="5" offset="235" sl="28" sc="9" el="28" ec="10" bec="0" bev="0" fileid="6" />
              </SequencePoints>
              <BranchPoints />
              <MethodPoint xsi:type="SequencePoint" vc="0" uspid="163" ordinal="0" offset="0" sl="19" sc="9" el="19" ec="10" bec="0" bev="0" fileid="6" />
            </Method>
            <Method visited="false" cyclomaticComplexity="1" nPathComplexity="0" sequenceCoverage="0" branchCoverage="0" crapScore="2" isConstructor="false" isStatic="false" isGetter="false" isSetter="false">
              <Summary numSequencePoints="12" visitedSequencePoints="0" numBranchPoints="1" visitedBranchPoints="0" sequenceCoverage="0" branchCoverage="0" maxCyclomaticComplexity="1" minCyclomaticComplexity="1" maxCrapScore="2" minCrapScore="2" visitedClasses="0" numClasses="0" visitedMethods="0" numMethods="1" />
              <MetadataToken>100663330</MetadataToken>
              <Name>System.Void AlphaTank.UnitTests.Models.GameObjects.ShellTests.MoveUp_Should::Return_False_IfCollision_IsDetected()</Name>
              <FileRef uid="6" />
              <SequencePoints>
                <SequencePoint vc="0" uspid="169" ordinal="0" offset="13" sl="32" sc="9" el="32" ec="10" bec="0" bev="0" fileid="6" />
                <SequencePoint vc="0" uspid="170" ordinal="1" offset="14" sl="34" sc="13" el="34" ec="25" bec="0" bev="0" fileid="6" />
                <SequencePoint vc="0" uspid="171" ordinal="2" offset="21" sl="35" sc="13" el="35" ec="25" bec="0" bev="0" fileid="6" />
                <SequencePoint vc="0" uspid="172" ordinal="3" offset="28" sl="36" sc="13" el="36" ec="42" bec="0" bev="0" fileid="6" />
                <SequencePoint vc="0" uspid="173" ordinal="4" offset="30" sl="37" sc="13" el="37" ec="56" bec="0" bev="0" fileid="6" />
                <SequencePoint vc="0" uspid="174" ordinal="5" offset="36" sl="39" sc="13" el="39" ec="58" bec="0" bev="0" fileid="6" />
                <SequencePoint vc="0" uspid="175" ordinal="6" offset="42" sl="40" sc="13" el="40" ec="107" bec="0" bev="0" fileid="6" />
                <SequencePoint vc="0" uspid="176" ordinal="7" offset="189" sl="42" sc="13" el="42" ec="124" bec="0" bev="0" fileid="6" />
                <SequencePoint vc="0" uspid="177" ordinal="8" offset="237" sl="44" sc="13" el="44" ec="101" bec="0" bev="0" fileid="6" />
                <SequencePoint vc="0" uspid="178" ordinal="9" offset="469" sl="47" sc="13" el="47" ec="41" bec="0" bev="0" fileid="6" />
                <SequencePoint vc="0" uspid="179" ordinal="10" offset="478" sl="50" sc="13" el="50" ec="36" bec="0" bev="0" fileid="6" />
                <SequencePoint vc="0" uspid="180" ordinal="11" offset="486" sl="51" sc="9" el="51" ec="10" bec="0" bev="0" fileid="6" />
              </SequencePoints>
              <BranchPoints />
              <MethodPoint vc="0" uspid="181" ordinal="0" offset="0" />
            </Method>
            <Method visited="false" cyclomaticComplexity="1" nPathComplexity="0" sequenceCoverage="0" branchCoverage="0" crapScore="2" isConstructor="false" isStatic="false" isGetter="false" isSetter="false">
              <Summary numSequencePoints="12" visitedSequencePoints="0" numBranchPoints="1" visitedBranchPoints="0" sequenceCoverage="0" branchCoverage="0" maxCyclomaticComplexity="1" minCyclomaticComplexity="1" maxCrapScore="2" minCrapScore="2" visitedClasses="0" numClasses="0" visitedMethods="0" numMethods="1" />
              <MetadataToken>100663331</MetadataToken>
              <Name>System.Void AlphaTank.UnitTests.Models.GameObjects.ShellTests.MoveUp_Should::Return_True_IfCollision_IsNotDetected()</Name>
              <FileRef uid="6" />
              <SequencePoints>
                <SequencePoint vc="0" uspid="182" ordinal="0" offset="13" sl="55" sc="9" el="55" ec="10" bec="0" bev="0" fileid="6" />
                <SequencePoint vc="0" uspid="183" ordinal="1" offset="14" sl="57" sc="13" el="57" ec="25" bec="0" bev="0" fileid="6" />
                <SequencePoint vc="0" uspid="184" ordinal="2" offset="21" sl="58" sc="13" el="58" ec="25" bec="0" bev="0" fileid="6" />
                <SequencePoint vc="0" uspid="185" ordinal="3" offset="28" sl="59" sc="13" el="59" ec="42" bec="0" bev="0" fileid="6" />
                <SequencePoint vc="0" uspid="186" ordinal="4" offset="30" sl="60" sc="13" el="60" ec="56" bec="0" bev="0" fileid="6" />
                <SequencePoint vc="0" uspid="187" ordinal="5" offset="36" sl="62" sc="13" el="62" ec="58" bec="0" bev="0" fileid="6" />
                <SequencePoint vc="0" uspid="188" ordinal="6" offset="42" sl="63" sc="13" el="63" ec="107" bec="0" bev="0" fileid="6" />
                <SequencePoint vc="0" uspid="189" ordinal="7" offset="189" sl="65" sc="13" el="65" ec="124" bec="0" bev="0" fileid="6" />
                <SequencePoint vc="0" uspid="190" ordinal="8" offset="237" sl="67" sc="13" el="67" ec="102" bec="0" bev="0" fileid="6" />
                <SequencePoint vc="0" uspid="191" ordinal="9" offset="469" sl="70" sc="13" el="70" ec="41" bec="0" bev="0" fileid="6" />
                <SequencePoint vc="0" uspid="192" ordinal="10" offset="478" sl="73" sc="13" el="73" ec="35" bec="0" bev="0" fileid="6" />
                <SequencePoint vc="0" uspid="193" ordinal="11" offset="486" sl="74" sc="9" el="74" ec="10" bec="0" bev="0" fileid="6" />
              </SequencePoints>
              <BranchPoints />
              <MethodPoint vc="0" uspid="194" ordinal="0" offset="0" />
            </Method>
            <Method visited="false" cyclomaticComplexity="1" nPathComplexity="0" sequenceCoverage="0" branchCoverage="0" crapScore="2" isConstructor="true" isStatic="false" isGetter="false" isSetter="false">
              <Summary numSequencePoints="0" visitedSequencePoints="0" numBranchPoints="0" visitedBranchPoints="0" sequenceCoverage="0" branchCoverage="0" maxCyclomaticComplexity="1" minCyclomaticComplexity="1" maxCrapScore="2" minCrapScore="2" visitedClasses="0" numClasses="0" visitedMethods="0" numMethods="0" />
              <MetadataToken>100663332</MetadataToken>
              <Name>System.Void AlphaTank.UnitTests.Models.GameObjects.ShellTests.MoveUp_Should::.ctor()</Name>
              <SequencePoints />
              <BranchPoints />
              <MethodPoint vc="0" uspid="195" ordinal="0" offset="0" />
            </Method>
          </Methods>
        </Class>
        <Class>
          <Summary numSequencePoints="0" visitedSequencePoints="0" numBranchPoints="0" visitedBranchPoints="0" sequenceCoverage="0" branchCoverage="0" maxCyclomaticComplexity="1" minCyclomaticComplexity="1" maxCrapScore="2" minCrapScore="2" visitedClasses="0" numClasses="0" visitedMethods="0" numMethods="0" />
          <FullName>AlphaTank.UnitTests.Models.GameObjects.ShellTests.MoveUp_Should/&lt;&gt;c__DisplayClass3_0</FullName>
          <Methods>
            <Method visited="false" cyclomaticComplexity="1" nPathComplexity="0" sequenceCoverage="0" branchCoverage="0" crapScore="2" isConstructor="true" isStatic="false" isGetter="false" isSetter="false">
              <Summary numSequencePoints="0" visitedSequencePoints="0" numBranchPoints="0" visitedBranchPoints="0" sequenceCoverage="0" branchCoverage="0" maxCyclomaticComplexity="1" minCyclomaticComplexity="1" maxCrapScore="2" minCrapScore="2" visitedClasses="0" numClasses="0" visitedMethods="0" numMethods="0" />
              <MetadataToken>100663372</MetadataToken>
              <Name>System.Void AlphaTank.UnitTests.Models.GameObjects.ShellTests.MoveUp_Should/&lt;&gt;c__DisplayClass3_0::.ctor()</Name>
              <SequencePoints />
              <BranchPoints />
              <MethodPoint vc="0" uspid="196" ordinal="0" offset="0" />
            </Method>
          </Methods>
        </Class>
        <Class>
          <Summary numSequencePoints="0" visitedSequencePoints="0" numBranchPoints="0" visitedBranchPoints="0" sequenceCoverage="0" branchCoverage="0" maxCyclomaticComplexity="1" minCyclomaticComplexity="1" maxCrapScore="2" minCrapScore="2" visitedClasses="0" numClasses="0" visitedMethods="0" numMethods="0" />
          <FullName>AlphaTank.UnitTests.Models.GameObjects.ShellTests.MoveUp_Should/&lt;&gt;c__DisplayClass4_0</FullName>
          <Methods>
            <Method visited="false" cyclomaticComplexity="1" nPathComplexity="0" sequenceCoverage="0" branchCoverage="0" crapScore="2" isConstructor="true" isStatic="false" isGetter="false" isSetter="false">
              <Summary numSequencePoints="0" visitedSequencePoints="0" numBranchPoints="0" visitedBranchPoints="0" sequenceCoverage="0" branchCoverage="0" maxCyclomaticComplexity="1" minCyclomaticComplexity="1" maxCrapScore="2" minCrapScore="2" visitedClasses="0" numClasses="0" visitedMethods="0" numMethods="0" />
              <MetadataToken>100663373</MetadataToken>
              <Name>System.Void AlphaTank.UnitTests.Models.GameObjects.ShellTests.MoveUp_Should/&lt;&gt;c__DisplayClass4_0::.ctor()</Name>
              <SequencePoints />
              <BranchPoints />
              <MethodPoint vc="0" uspid="197" ordinal="0" offset="0" />
            </Method>
          </Methods>
        </Class>
        <Class>
          <Summary numSequencePoints="5" visitedSequencePoints="0" numBranchPoints="1" visitedBranchPoints="0" sequenceCoverage="0" branchCoverage="0" maxCyclomaticComplexity="1" minCyclomaticComplexity="1" maxCrapScore="2" minCrapScore="2" visitedClasses="0" numClasses="1" visitedMethods="0" numMethods="1" />
          <FullName>AlphaTank.UnitTests.Models.GameObjects.ShellTests.Move_Should</FullName>
          <Methods>
            <Method visited="false" cyclomaticComplexity="1" nPathComplexity="0" sequenceCoverage="0" branchCoverage="0" crapScore="2" isConstructor="false" isStatic="false" isGetter="false" isSetter="false">
              <Summary numSequencePoints="5" visitedSequencePoints="0" numBranchPoints="1" visitedBranchPoints="0" sequenceCoverage="0" branchCoverage="0" maxCyclomaticComplexity="1" minCyclomaticComplexity="1" maxCrapScore="2" minCrapScore="2" visitedClasses="0" numClasses="0" visitedMethods="0" numMethods="1" />
              <MetadataToken>100663333</MetadataToken>
              <Name>System.Void AlphaTank.UnitTests.Models.GameObjects.ShellTests.Move_Should::Initialize()</Name>
              <FileRef uid="7" />
              <SequencePoints>
                <SequencePoint vc="0" uspid="198" ordinal="0" offset="0" sl="14" sc="9" el="14" ec="10" bec="0" bev="0" fileid="7" />
                <SequencePoint vc="0" uspid="199" ordinal="1" offset="1" sl="15" sc="13" el="15" ec="40" bec="0" bev="0" fileid="7" />
                <SequencePoint vc="0" uspid="200" ordinal="2" offset="12" sl="17" sc="13" el="17" ec="64" bec="0" bev="0" fileid="7" />
                <SequencePoint vc="0" uspid="201" ordinal="3" offset="118" sl="18" sc="13" el="18" ec="64" bec="0" bev="0" fileid="7" />
                <SequencePoint vc="0" uspid="202" ordinal="4" offset="224" sl="19" sc="9" el="19" ec="10" bec="0" bev="0" fileid="7" />
              </SequencePoints>
              <BranchPoints />
              <MethodPoint xsi:type="SequencePoint" vc="0" uspid="198" ordinal="0" offset="0" sl="14" sc="9" el="14" ec="10" bec="0" bev="0" fileid="7" />
            </Method>
            <Method visited="false" cyclomaticComplexity="1" nPathComplexity="0" sequenceCoverage="0" branchCoverage="0" crapScore="2" isConstructor="true" isStatic="false" isGetter="false" isSetter="false">
              <Summary numSequencePoints="0" visitedSequencePoints="0" numBranchPoints="0" visitedBranchPoints="0" sequenceCoverage="0" branchCoverage="0" maxCyclomaticComplexity="1" minCyclomaticComplexity="1" maxCrapScore="2" minCrapScore="2" visitedClasses="0" numClasses="0" visitedMethods="0" numMethods="0" />
              <MetadataToken>100663334</MetadataToken>
              <Name>System.Void AlphaTank.UnitTests.Models.GameObjects.ShellTests.Move_Should::.ctor()</Name>
              <SequencePoints />
              <BranchPoints />
              <MethodPoint vc="0" uspid="203" ordinal="0" offset="0" />
            </Method>
          </Methods>
        </Class>
        <Class>
[...]
              <MetadataToken>100663400</MetadataToken>
              <Name>System.Void AlphaTank.Program.GameEngine.Engine::ShotCount(System.Object,System.EventArgs)</Name>
              <FileRef uid="47" />
              <SequencePoints>
                <SequencePoint vc="0" uspid="1414" ordinal="0" offset="0" sl="260" sc="9" el="260" ec="10" bec="0" bev="0" fileid="47" />
                <SequencePoint vc="0" uspid="1415" ordinal="1" offset="1" sl="261" sc="13" el="261" ec="21" bec="0" bev="0" fileid="47" />
                <SequencePoint vc="0" uspid="1416" ordinal="2" offset="13" sl="262" sc="9" el="262" ec="10" bec="0" bev="0" fileid="47" />
              </SequencePoints>
              <BranchPoints />
              <MethodPoint xsi:type="SequencePoint" vc="0" uspid="1414" ordinal="0" offset="0" sl="260" sc="9" el="260" ec="10" bec="0" bev="0" fileid="47" />
            </Method>
            <Method visited="false" cyclomaticComplexity="1" nPathComplexity="0" sequenceCoverage="0" branchCoverage="0" crapScore="2" isConstructor="true" isStatic="true" isGetter="false" isSetter="false">
              <Summary numSequencePoints="1" visitedSequencePoints="0" numBranchPoints="1" visitedBranchPoints="0" sequenceCoverage="0" branchCoverage="0" maxCyclomaticComplexity="1" minCyclomaticComplexity="1" maxCrapScore="2" minCrapScore="2" visitedClasses="0" numClasses="0" visitedMethods="0" numMethods="1" />
              <MetadataToken>100663401</MetadataToken>
              <Name>System.Void AlphaTank.Program.GameEngine.Engine::.cctor()</Name>
              <FileRef uid="47" />
              <SequencePoints>
                <SequencePoint vc="0" uspid="1417" ordinal="0" offset="0" sl="25" sc="9" el="25" ec="38" bec="0" bev="0" fileid="47" />
              </SequencePoints>
              <BranchPoints />
              <MethodPoint xsi:type="SequencePoint" vc="0" uspid="1417" ordinal="0" offset="0" sl="25" sc="9" el="25" ec="38" bec="0" bev="0" fileid="47" />
            </Method>
          </Methods>
        </Class>
        <Class>
          <Summary numSequencePoints="12" visitedSequencePoints="0" numBranchPoints="4" visitedBranchPoints="0" sequenceCoverage="0" branchCoverage="0" maxCyclomaticComplexity="1" minCyclomaticComplexity="1" maxCrapScore="2" minCrapScore="2" visitedClasses="0" numClasses="1" visitedMethods="0" numMethods="4" />
          <FullName>AlphaTank.Program.Display.Ghetto.Rapper</FullName>
          <Methods>
            <Method visited="false" cyclomaticComplexity="1" nPathComplexity="0" sequenceCoverage="0" branchCoverage="0" crapScore="2" isConstructor="false" isStatic="false" isGetter="false" isSetter="true">
              <Summary numSequencePoints="3" visitedSequencePoints="0" numBranchPoints="1" visitedBranchPoints="0" sequenceCoverage="0" branchCoverage="0" maxCyclomaticComplexity="1" minCyclomaticComplexity="1" maxCrapScore="2" minCrapScore="2" visitedClasses="0" numClasses="0" visitedMethods="0" numMethods="1" />
              <MetadataToken>100663402</MetadataToken>
              <Name>System.Void AlphaTank.Program.Display.Ghetto.Rapper::set_ForegroundColor(System.ConsoleColor)</Name>
              <FileRef uid="48" />
              <SequencePoints>
                <SequencePoint vc="0" uspid="1418" ordinal="0" offset="0" sl="12" sc="51" el="12" ec="52" bec="0" bev="0" fileid="48" />
                <SequencePoint vc="0" uspid="1419" ordinal="1" offset="1" sl="12" sc="53" el="12" ec="85" bec="0" bev="0" fileid="48" />
                <SequencePoint vc="0" uspid="1420" ordinal="2" offset="8" sl="12" sc="86" el="12" ec="87" bec="0" bev="0" fileid="48" />
              </SequencePoints>
              <BranchPoints />
              <MethodPoint xsi:type="SequencePoint" vc="0" uspid="1418" ordinal="0" offset="0" sl="12" sc="51" el="12" ec="52" bec="0" bev="0" fileid="48" />
            </Method>
            <Method visited="false" cyclomaticComplexity="1" nPathComplexity="0" sequenceCoverage="0" branchCoverage="0" crapScore="2" isConstructor="false" isStatic="false" isGetter="false" isSetter="false">
              <Summary numSequencePoints="3" visitedSequencePoints="0" numBranchPoints="1" visitedBranchPoints="0" sequenceCoverage="0" branchCoverage="0" maxCyclomaticComplexity="1" minCyclomaticComplexity="1" maxCrapScore="2" minCrapScore="2" visitedClasses="0" numClasses="0" visitedMethods="0" numMethods="1" />
              <MetadataToken>100663403</MetadataToken>
              <Name>System.Void AlphaTank.Program.Display.Ghetto.Rapper::SetCursorPosition(System.Int32,System.Int32)</Name>
              <FileRef uid="48" />
              <SequencePoints>
                <SequencePoint vc="0" uspid="1421" ordinal="0" offset="0" sl="15" sc="9" el="15" ec="10" bec="0" bev="0" fileid="48" />
                <SequencePoint vc="0" uspid="1422" ordinal="1" offset="1" sl="16" sc="13" el="16" ec="45" bec="0" bev="0" fileid="48" />
                <SequencePoint vc="0" uspid="1423" ordinal="2" offset="9" sl="17" sc="9" el="17" ec="10" bec="0" bev="0" fileid="48" />
              </SequencePoints>
              <BranchPoints />
              <MethodPoint xsi:type="SequencePoint" vc="0" uspid="1421" ordinal="0" offset="0" sl="15" sc="9" el="15" ec="10" bec="0" bev="0" fileid="48" />
            </Method>
            <Method visited="false" cyclomaticComplexity="1" nPathComplexity="0" sequenceCoverage="0" branchCoverage="0" crapScore="2" isConstructor="false" isStatic="false" isGetter="false" isSetter="false">
              <Summary numSequencePoints="3" visitedSequencePoints="0" numBranchPoints="1" visitedBranchPoints="0" sequenceCoverage="0" branchCoverage="0" maxCyclomaticComplexity="1" minCyclomaticComplexity="1" maxCrapScore="2" minCrapScore="2" visitedClasses="0" numClasses="0" visitedMethods="0" numMethods="1" />
              <MetadataToken>100663404</MetadataToken>
              <Name>System.Void AlphaTank.Program.Display.Ghetto.Rapper::Write(System.String)</Name>
              <FileRef uid="48" />
              <SequencePoints>
                <SequencePoint vc="0" uspid="1424" ordinal="0" offset="0" sl="20" sc="9" el="20" ec="10" bec="0" bev="0" fileid="48" />
                <SequencePoint vc="0" uspid="1425" ordinal="1" offset="1" sl="21" sc="13" el="21" ec="32" bec="0" bev="0" fileid="48" />
                <SequencePoint vc="0" uspid="1426" ordinal="2" offset="8" sl="22" sc="9" el="22" ec="10" bec="0" bev="0" fileid="48" />
              </SequencePoints>
              <BranchPoints />
              <MethodPoint xsi:type="SequencePoint" vc="0" uspid="1424" ordinal="0" offset="0" sl="20" sc="9" el="20" ec="10" bec="0" bev="0" fileid="48" />
            </Method>
            <Method visited="false" cyclomaticComplexity="1" nPathComplexity="0" sequenceCoverage="0" branchCoverage="0" crapScore="2" isConstructor="false" isStatic="false" isGetter="false" isSetter="false">
              <Summary numSequencePoints="3" visitedSequencePoints="0" numBranchPoints="1" visitedBranchPoints="0" sequenceCoverage="0" branchCoverage="0" maxCyclomaticComplexity="1" minCyclomaticComplexity="1" maxCrapScore="2" minCrapScore="2" visitedClasses="0" numClasses="0" visitedMethods="0" numMethods="1" />
              <MetadataToken>100663405</MetadataToken>
              <Name>System.Void AlphaTank.Program.Display.Ghetto.Rapper::WriteLine(System.String)</Name>
              <FileRef uid="48" />
              <SequencePoints>
                <SequencePoint vc="0" uspid="1427" ordinal="0" offset="0" sl="25" sc="9" el="25" ec="10" bec="0" bev="0" fileid="48" />
                <SequencePoint vc="0" uspid="1428" ordinal="1" offset="1" sl="26" sc="13" el="26" ec="36" bec="0" bev="0" fileid="48" />
                <SequencePoint vc="0" uspid="1429" ordinal="2" offset="8" sl="27" sc="9" el="27" ec="10" bec="0" bev="0" fileid="48" />
              </SequencePoints>
              <BranchPoints />
              <MethodPoint xsi:type="SequencePoint" vc="0" uspid="1427" ordinal="0" offset="0" sl="25" sc="9" el="25" ec="10" bec="0" bev="0" fileid="48" />
            </Method>
            <Method visited="false" cyclomaticComplexity="1" nPathComplexity="0" sequenceCoverage="0" branchCoverage="0" crapScore="2" isConstructor="true" isStatic="false" isGetter="false" isSetter="false">
              <Summary numSequencePoints="0" visitedSequencePoints="0" numBranchPoints="0" visitedBranchPoints="0" sequenceCoverage="0" branchCoverage="0" maxCyclomaticComplexity="1" minCyclomaticComplexity="1" maxCrapScore="2" minCrapScore="2" visitedClasses="0" numClasses="0" visitedMethods="0" numMethods="0" />
              <MetadataToken>100663406</MetadataToken>
              <Name>System.Void AlphaTank.Program.Display.Ghetto.Rapper::.ctor()</Name>
              <SequencePoints />
              <BranchPoints />
              <MethodPoint vc="0" uspid="1430" ordinal="0" offset="0" />
            </Method>
          </Methods>
        </Class>
        <Class>
          <Summary numSequencePoints="12" visitedSequencePoints="0" numBranchPoints="4" visitedBranchPoints="0" sequenceCoverage="0" branchCoverage="0" maxCyclomaticComplexity="1" minCyclomaticComplexity="1" maxCrapScore="2" minCrapScore="2" visitedClasses="0" numClasses="1" visitedMethods="0" numMethods="4" />
          <FullName>AlphaTank.Program.Factories.EnvironmentFactory</FullName>
          <Methods>
            <Method visited="false" cyclomaticComplexity="1" nPathComplexity="0" sequenceCoverage="0" branchCoverage="0" crapScore="2" isConstructor="false" isStatic="false" isGetter="false" isSetter="false">
              <Summary numSequencePoints="3" visitedSequencePoints="0" numBranchPoints="1" visitedBranchPoints="0" sequenceCoverage="0" branchCoverage="0" maxCyclomaticComplexity="1" minCyclomaticComplexity="1" maxCrapScore="2" minCrapScore="2" visitedClasses="0" numClasses="0" visitedMethods="0" numMethods="1" />
              <MetadataToken>100663407</MetadataToken>
              <Name>AlphaTank.Program.Models.Contracts.IEnemyTank AlphaTank.Program.Factories.EnvironmentFactory::CreateEnemyTank(System.Int32,System.Int32,AlphaTank.Program.Enums_and_Structs.Direction,AlphaTank.Program.Models.Contracts.IMap,AlphaTank.Program.Models.Contracts.IPlayerTank,AlphaTank.Program.Factories.Contracts.IEnvironmentFactory,AlphaTank.Program.Logic.Contracts.ICollision)</Name>
              <FileRef uid="49" />
              <SequencePoints>
                <SequencePoint vc="0" uspid="1431" ordinal="0" offset="0" sl="12" sc="9" el="12" ec="10" bec="0" bev="0" fileid="49" />
                <SequencePoint vc="0" uspid="1432" ordinal="1" offset="1" sl="13" sc="13" el="13" ec="92" bec="0" bev="0" fileid="49" />
                <SequencePoint vc="0" uspid="1433" ordinal="2" offset="20" sl="14" sc="9" el="14" ec="10" bec="0" bev="0" fileid="49" />
              </SequencePoints>
              <BranchPoints />
              <MethodPoint xsi:type="SequencePoint" vc="0" uspid="1431" ordinal="0" offset="0" sl="12" sc="9" el="12" ec="10" bec="0" bev="0" fileid="49" />
            </Method>
            <Method visited="false" cyclomaticComplexity="1" nPathComplexity="0" sequenceCoverage="0" branchCoverage="0" crapScore="2" isConstructor="false" isStatic="false" isGetter="false" isSetter="false">
              <Summary numSequencePoints="3" visitedSequencePoints="0" numBranchPoints="1" visitedBranchPoints="0" sequenceCoverage="0" branchCoverage="0" maxCyclomaticComplexity="1" minCyclomaticComplexity="1" maxCrapScore="2" minCrapScore="2" visitedClasses="0" numClasses="0" visitedMethods="0" numMethods="1" />
              <MetadataToken>100663408</MetadataToken>
              <Name>AlphaTank.Program.Models.Contracts.IObstacle AlphaTank.Program.Factories.EnvironmentFactory::CreateObstacle(System.Int32,System.Int32,AlphaTank.Program.Models.Contracts.IMap)</Name>
              <FileRef uid="49" />
              <SequencePoints>
                <SequencePoint vc="0" uspid="1434" ordinal="0" offset="0" sl="17" sc="9" el="17" ec="10" bec="0" bev="0" fileid="49" />
                <SequencePoint vc="0" uspid="1435" ordinal="1" offset="1" sl="18" sc="13" el="18" ec="48" bec="0" bev="0" fileid="49" />
                <SequencePoint vc="0" uspid="1436" ordinal="2" offset="12" sl="19" sc="9" el="19" ec="10" bec="0" bev="0" fileid="49" />
              </SequencePoints>
              <BranchPoints />
              <MethodPoint xsi:type="SequencePoint" vc="0" uspid="1434" ordinal="0" offset="0" sl="17" sc="9" el="17" ec="10" bec="0" bev="0" fileid="49" />
            </Method>
            <Method visited="false" cyclomaticComplexity="1" nPathComplexity="0" sequenceCoverage="0" branchCoverage="0" crapScore="2" isConstructor="false" isStatic="false" isGetter="false" isSetter="false">
              <Summary numSequencePoints="3" visitedSequencePoints="0" numBranchPoints="1" visitedBranchPoints="0" sequenceCoverage="0" branchCoverage="0" maxCyclomaticComplexity="1" minCyclomaticComplexity="1" maxCrapScore="2" minCrapScore="2" visitedClasses="0" numClasses="0" visitedMethods="0" numMethods="1" />
              <MetadataToken>100663409</MetadataToken>
              <Name>AlphaTank.Program.Models.Contracts.INonObstacle AlphaTank.Program.Factories.EnvironmentFactory::CreateRoad(System.Int32,System.Int32,AlphaTank.Program.Models.Contracts.IMap)</Name>
              <FileRef uid="49" />
              <SequencePoints>
                <SequencePoint vc="0" uspid="1437" ordinal="0" offset="0" sl="22" sc="9" el="22" ec="10" bec="0" bev="0" fileid="49" />
                <SequencePoint vc="0" uspid="1438" ordinal="1" offset="1" sl="23" sc="13" el="23" ec="44" bec="0" bev="0" fileid="49" />
                <SequencePoint vc="0" uspid="1439" ordinal="2" offset="12" sl="24" sc="9" el="24" ec="10" bec="0" bev="0" fileid="49" />
              </SequencePoints>
              <BranchPoints />
              <MethodPoint xsi:type="SequencePoint" vc="0" uspid="1437" ordinal="0" offset="0" sl="22" sc="9" el="22" ec="10" bec="0" bev="0" fileid="49" />
            </Method>
            <Method visited="false" cyclomaticComplexity="1" nPathComplexity="0" sequenceCoverage="0" branchCoverage="0" crapScore="2" isConstructor="false" isStatic="false" isGetter="false" isSetter="false">
              <Summary numSequencePoints="3" visitedSequencePoints="0" numBranchPoints="1" visitedBranchPoints="0" sequenceCoverage="0" branchCoverage="0" maxCyclomaticComplexity="1" minCyclomaticComplexity="1" maxCrapScore="2" minCrapScore="2" visitedClasses="0" numClasses="0" visitedMethods="0" numMethods="1" />
              <MetadataToken>100663410</MetadataToken>
              <Name>AlphaTank.Program.Models.Contracts.IShell AlphaTank.Program.Factories.EnvironmentFactory::CreateShell(System.Int32,System.Int32,AlphaTank.Program.Models.Contracts.IMap,AlphaTank.Program.Enums_and_Structs.Direction,AlphaTank.Program.Factories.Contracts.IEnvironmentFactory,AlphaTank.Program.Logic.Contracts.ICollision)</Name>
              <FileRef uid="49" />
              <SequencePoints>
                <SequencePoint vc="0" uspid="1440" ordinal="0" offset="0" sl="27" sc="9" el="27" ec="10" bec="0" bev="0" fileid="49" />
                <SequencePoint vc="0" uspid="1441" ordinal="1" offset="1" sl="28" sc="13" el="28" ec="76" bec="0" bev="0" fileid="49" />
                <SequencePoint vc="0" uspid="1442" ordinal="2" offset="18" sl="29" sc="9" el="29" ec="10" bec="0" bev="0" fileid="49" />
              </SequencePoints>
              <BranchPoints />
              <MethodPoint xsi:type="SequencePoint" vc="0" uspid="1440" ordinal="0" offset="0" sl="27" sc="9" el="27" ec="10" bec="0" bev="0" fileid="49" />
            </Method>
            <Method visited="false" cyclomaticComplexity="1" nPathComplexity="0" sequenceCoverage="0" branchCoverage="0" crapScore="2" isConstructor="true" isStatic="false" isGetter="false" isSetter="false">
              <Summary numSequencePoints="0" visitedSequencePoints="0" numBranchPoints="0" visitedBranchPoints="0" sequenceCoverage="0" branchCoverage="0" maxCyclomaticComplexity="1" minCyclomaticComplexity="1" maxCrapScore="2" minCrapScore="2" visitedClasses="0" numClasses="0" visitedMethods="0" numMethods="0" />
              <MetadataToken>100663411</MetadataToken>
              <Name>System.Void AlphaTank.Program.Factories.EnvironmentFactory::.ctor()</Name>
              <SequencePoints />
              <BranchPoints />
              <MethodPoint vc="0" uspid="1443" ordinal="0" offset="0" />
            </Method>
          </Methods>
        </Class>
        <Class>
          <Summary numSequencePoints="6" visitedSequencePoints="0" numBranchPoints="2" visitedBranchPoints="0" sequenceCoverage="0" branchCoverage="0" maxCyclomaticComplexity="1" minCyclomaticComplexity="1" maxCrapScore="2" minCrapScore="2" visitedClasses="0" numClasses="1" visitedMethods="0" numMethods="2" />
          <FullName>AlphaTank.Program.CustomExceptions.NoMapException</FullName>
          <Methods>
            <Method visited="false" cyclomaticComplexity="1" nPathComplexity="0" sequenceCoverage="0" branchCoverage="0" crapScore="2" isConstructor="true" isStatic="false" isGetter="false" isSetter="false">
              <Summary numSequencePoints="3" visitedSequencePoints="0" numBranchPoints="1" visitedBranchPoints="0" sequenceCoverage="0" branchCoverage="0" maxCyclomaticComplexity="1" minCyclomaticComplexity="1" maxCrapScore="2" minCrapScore="2" visitedClasses="0" numClasses="0" visitedMethods="0" numMethods="1" />
              <MetadataToken>100663416</MetadataToken>
              <Name>System.Void AlphaTank.Program.CustomExceptions.NoMapException::.ctor()</Name>
              <FileRef uid="50" />
              <SequencePoints>
                <SequencePoint vc="0" uspid="1444" ordinal="0" offset="0" sl="11" sc="9" el="11" ec="32" bec="0" bev="0" fileid="50" />
                <SequencePoint vc="0" uspid="1445" ordinal="1" offset="7" sl="12" sc="9" el="12" ec="10" bec="0" bev="0" fileid="50" />
                <SequencePoint vc="0" uspid="1446" ordinal="2" offset="8" sl="13" sc="9" el="13" ec="10" bec="0" bev="0" fileid="50" />
              </SequencePoints>
              <BranchPoints />
              <MethodPoint xsi:type="SequencePoint" vc="0" uspid="1444" ordinal="0" offset="0" sl="11" sc="9" el="11" ec="32" bec="0" bev="0" fileid="50" />
            </Method>
            <Method visited="false" cyclomaticComplexity="1" nPathComplexity="0" sequenceCoverage="0" branchCoverage="0" crapScore="2" isConstructor="true" isStatic="false" isGetter="false" isSetter="false">
              <Summary numSequencePoints="3" visitedSequencePoints="0" numBranchPoints="1" visitedBranchPoints="0" sequenceCoverage="0" branchCoverage="0" maxCyclomaticComplexity="1" minCyclomaticComplexity="1" maxCrapScore="2" minCrapScore="2" visitedClasses="0" numClasses="0" visitedMethods="0" numMethods="1" />
              <MetadataToken>100663417</MetadataToken>
              <Name>System.Void AlphaTank.Program.CustomExceptions.NoMapException::.ctor(System.String)</Name>
              <FileRef uid="50" />
              <SequencePoints>
                <SequencePoint vc="0" uspid="1447" ordinal="0" offset="0" sl="15" sc="49" el="15" ec="62" bec="0" bev="0" fileid="50" />
                <SequencePoint vc="0" uspid="1448" ordinal="1" offset="8" sl="16" sc="9" el="16" ec="10" bec="0" bev="0" fileid="50" />
                <SequencePoint vc="0" uspid="1449" ordinal="2" offset="9" sl="17" sc="9" el="17" ec="10" bec="0" bev="0" fileid="50" />
              </SequencePoints>
              <BranchPoints />
              <MethodPoint xsi:type="SequencePoint" vc="0" uspid="1447" ordinal="0" offset="0" sl="15" sc="49" el="15" ec="62" bec="0" bev="0" fileid="50" />
            </Method>
          </Methods>
        </Class>
      </Classes>
      <TrackedMethods />
    </Module>
  </Modules>
</CoverageSession>